c:\xampp\mysql\bin\mysqld.exe, Version: 5.6.20-log (MySQL Community Server (GPL)). started with:
TCP Port: 3306, Named Pipe: C:/xampp/mysql/mysql.sock
Time                 Id Command    Argument
150224  2:05:43	    1 Connect	root@localhost on 
		    1 Query	set autocommit=1
		    1 Query	SET SESSION TRANSACTION ISOLATION LEVEL REPEATABLE READ
		    1 Query	SHOW SESSION VARIABLES LIKE 'lower_case_table_names'
		    1 Query	SELECT current_user()
		    1 Quit	
150224  2:06:00	    2 Connect	root@localhost on 
		    2 Query	set autocommit=1
		    2 Query	SET SESSION TRANSACTION ISOLATION LEVEL REPEATABLE READ
		    2 Query	SHOW SESSION VARIABLES LIKE 'lower_case_table_names'
		    2 Query	SELECT current_user()
		    2 Quit	
c:\xampp\mysql\bin\mysqld.exe, Version: 5.6.20-log (MySQL Community Server (GPL)). started with:
TCP Port: 3306, Named Pipe: C:/xampp/mysql/mysql.sock
Time                 Id Command    Argument
150224  2:08:07	    1 Connect	root@localhost on 
150224  2:08:08	    1 Query	set autocommit=1
		    1 Query	SET SESSION TRANSACTION ISOLATION LEVEL REPEATABLE READ
		    1 Query	SHOW SESSION VARIABLES LIKE 'lower_case_table_names'
		    1 Query	SELECT current_user()
		    1 Query	SET CHARACTER SET utf8
		    1 Query	SET NAMES utf8
		    1 Query	SHOW SESSION VARIABLES LIKE 'sql_mode'
		    1 Query	SELECT CONNECTION_ID()
		    1 Query	SHOW SESSION STATUS LIKE 'Ssl_cipher'
		    1 Query	set autocommit=1
		    2 Connect	root@localhost on 
		    2 Query	set autocommit=1
		    2 Query	SET SESSION TRANSACTION ISOLATION LEVEL REPEATABLE READ
		    2 Query	SHOW SESSION VARIABLES LIKE 'lower_case_table_names'
		    2 Query	SELECT current_user()
		    2 Query	SET CHARACTER SET utf8
		    2 Query	SET NAMES utf8
		    2 Query	SELECT CONNECTION_ID()
		    2 Query	SHOW SESSION STATUS LIKE 'Ssl_cipher'
		    2 Query	set autocommit=1
		    2 Query	SHOW SESSION VARIABLES LIKE 'sql_mode'
		    2 Query	SHOW SESSION VARIABLES LIKE 'version_comment'
		    2 Query	SHOW SESSION VARIABLES LIKE 'version'
		    2 Query	SELECT current_user()
		    2 Query	SHOW SESSION VARIABLES LIKE 'lower_case_table_names'
150224  2:08:19	    1 Query	SHOW DATABASES
		    2 Query	SHOW SESSION VARIABLES LIKE 'version_compile_os'
150224  2:08:20	    1 Query	SHOW DATABASES
150224  2:08:32	    3 Connect	root@localhost on 
		    3 Query	set autocommit=1
		    3 Query	SET SESSION TRANSACTION ISOLATION LEVEL REPEATABLE READ
		    3 Query	SHOW SESSION VARIABLES LIKE 'lower_case_table_names'
		    3 Query	SELECT current_user()
		    3 Query	SHOW VARIABLES
150224  2:08:33	    3 Query	SHOW GLOBAL STATUS
		    3 Query	SHOW PLUGINS
		    4 Connect	root@localhost on 
		    4 Query	set autocommit=1
		    4 Query	SET SESSION TRANSACTION ISOLATION LEVEL REPEATABLE READ
		    4 Query	SHOW SESSION VARIABLES LIKE 'lower_case_table_names'
		    4 Query	SELECT current_user()
150224  2:08:36	    4 Query	SHOW GLOBAL STATUS
150224  2:08:39	    5 Connect	root@localhost on 
		    5 Query	set autocommit=1
		    5 Query	SET SESSION TRANSACTION ISOLATION LEVEL REPEATABLE READ
		    5 Query	SHOW SESSION VARIABLES LIKE 'lower_case_table_names'
		    5 Query	SELECT current_user()
		    5 Query	SHOW VARIABLES
		    5 Query	SHOW GLOBAL STATUS
		    5 Query	SHOW PLUGINS
		    6 Connect	root@localhost on 
		    6 Query	set autocommit=1
		    6 Query	SET SESSION TRANSACTION ISOLATION LEVEL REPEATABLE READ
		    6 Query	SHOW SESSION VARIABLES LIKE 'lower_case_table_names'
		    6 Query	SELECT current_user()
		    4 Query	SHOW GLOBAL STATUS
150224  2:08:42	    6 Query	SHOW GLOBAL STATUS
		    4 Query	SHOW GLOBAL STATUS
150224  2:08:45	    6 Query	SHOW GLOBAL STATUS
		    4 Query	SHOW GLOBAL STATUS
150224  2:08:48	    6 Query	SHOW GLOBAL STATUS
		    4 Query	SHOW GLOBAL STATUS
150224  2:08:51	    6 Query	SHOW GLOBAL STATUS
		    4 Query	SHOW GLOBAL STATUS
150224  2:08:54	    6 Query	SHOW GLOBAL STATUS
		    4 Query	SHOW GLOBAL STATUS
150224  2:08:57	    6 Query	SHOW GLOBAL STATUS
		    4 Query	SHOW GLOBAL STATUS
150224  2:09:00	    6 Query	SHOW GLOBAL STATUS
		    4 Query	SHOW GLOBAL STATUS
150224  2:09:03	    6 Query	SHOW GLOBAL STATUS
		    4 Query	SHOW GLOBAL STATUS
150224  2:09:06	    6 Query	SHOW GLOBAL STATUS
		    4 Query	SHOW GLOBAL STATUS
150224  2:09:10	    6 Query	SHOW GLOBAL STATUS
		    4 Query	SHOW GLOBAL STATUS
150224  2:09:13	    6 Query	SHOW GLOBAL STATUS
		    4 Query	SHOW GLOBAL STATUS
150224  2:09:16	    6 Query	SHOW GLOBAL STATUS
		    4 Query	SHOW GLOBAL STATUS
150224  2:09:19	    6 Query	SHOW GLOBAL STATUS
		    4 Query	SHOW GLOBAL STATUS
150224  2:09:22	    6 Query	SHOW GLOBAL STATUS
		    4 Query	SHOW GLOBAL STATUS
150224  2:09:25	    6 Query	SHOW GLOBAL STATUS
		    4 Query	SHOW GLOBAL STATUS
150224  2:09:28	    6 Query	SHOW GLOBAL STATUS
		    4 Query	SHOW GLOBAL STATUS
150224  2:09:31	    6 Query	SHOW GLOBAL STATUS
		    4 Query	SHOW GLOBAL STATUS
150224  2:09:34	    6 Query	SHOW GLOBAL STATUS
		    4 Query	SHOW GLOBAL STATUS
150224  2:09:37	    6 Query	SHOW GLOBAL STATUS
		    4 Query	SHOW GLOBAL STATUS
150224  2:09:40	    6 Query	SHOW GLOBAL STATUS
		    4 Query	SHOW GLOBAL STATUS
150224  2:09:43	    6 Query	SHOW GLOBAL STATUS
		    4 Query	SHOW GLOBAL STATUS
150224  2:09:46	    6 Query	SHOW GLOBAL STATUS
		    4 Query	SHOW GLOBAL STATUS
150224  2:09:47	    3 Query	SHOW SLAVE STATUS
150224  2:09:48	    5 Query	SHOW SLAVE STATUS
150224  2:09:49	    6 Query	SHOW GLOBAL STATUS
		    4 Query	SHOW GLOBAL STATUS
150224  2:09:52	    6 Query	SHOW GLOBAL STATUS
		    4 Query	SHOW GLOBAL STATUS
150224  2:09:56	    6 Query	SHOW GLOBAL STATUS
		    4 Query	SHOW GLOBAL STATUS
150224  2:09:59	    6 Query	SHOW GLOBAL STATUS
		    4 Query	SHOW GLOBAL STATUS
150224  2:10:02	    6 Query	SHOW GLOBAL STATUS
		    4 Query	SHOW GLOBAL STATUS
150224  2:10:05	    4 Query	SHOW GLOBAL STATUS
		    6 Query	SHOW GLOBAL STATUS
150224  2:10:08	    4 Query	SHOW GLOBAL STATUS
		    6 Query	SHOW GLOBAL STATUS
150224  2:10:11	    4 Query	SHOW GLOBAL STATUS
		    6 Query	SHOW GLOBAL STATUS
150224  2:10:14	    6 Query	SHOW GLOBAL STATUS
150224  2:10:17	    6 Query	SHOW GLOBAL STATUS
150224  2:10:20	    6 Query	SHOW GLOBAL STATUS
150224  2:10:23	    6 Query	SHOW GLOBAL STATUS
150224  2:10:26	    6 Query	SHOW GLOBAL STATUS
150224  2:10:28	    1 Query	SHOW FULL TABLES FROM `sampdb`
150224  2:10:29	    6 Query	SHOW GLOBAL STATUS
		    1 Query	SELECT name, type FROM mysql.proc WHERE Db='sampdb'
150224  2:10:31	    1 Query	SHOW COLUMNS FROM `sampdb`.`absence`
		    1 Query	SHOW COLUMNS FROM `sampdb`.`apothegm`
		    1 Query	SHOW COLUMNS FROM `sampdb`.`grade_event`
		    1 Query	SHOW COLUMNS FROM `sampdb`.`member`
150224  2:10:32	    1 Query	SHOW COLUMNS FROM `sampdb`.`pres_age`
		    1 Query	SHOW COLUMNS FROM `sampdb`.`pres_age_in_office`
		    6 Query	SHOW GLOBAL STATUS
		    1 Query	SHOW COLUMNS FROM `sampdb`.`pres_term`
		    1 Query	SHOW COLUMNS FROM `sampdb`.`president`
		    1 Query	SHOW COLUMNS FROM `sampdb`.`score`
150224  2:10:33	    1 Query	SHOW COLUMNS FROM `sampdb`.`student`
		    1 Query	SHOW COLUMNS FROM `sampdb`.`vstudent`
150224  2:10:35	    6 Query	SHOW GLOBAL STATUS
150224  2:10:38	    6 Query	SHOW GLOBAL STATUS
150224  2:10:39	    1 Query	SHOW FULL TABLES FROM `L7sampdb`
		    1 Query	SELECT name, type FROM mysql.proc WHERE Db='L7sampdb'
150224  2:10:41	    6 Query	SHOW GLOBAL STATUS
150224  2:10:43	    1 Query	USE `L7sampdb`
		    2 Query	USE `L7sampdb`
150224  2:10:44	    6 Query	SHOW GLOBAL STATUS
150224  2:10:47	    6 Query	SHOW GLOBAL STATUS
150224  2:10:50	    6 Query	SHOW GLOBAL STATUS
150224  2:10:53	    6 Query	SHOW GLOBAL STATUS
150224  2:10:56	    6 Query	SHOW GLOBAL STATUS
150224  2:10:59	    6 Query	SHOW GLOBAL STATUS
150224  2:11:02	    6 Query	SHOW GLOBAL STATUS
150224  2:11:05	    6 Query	SHOW GLOBAL STATUS
150224  2:11:08	    6 Query	SHOW GLOBAL STATUS
150224  2:11:11	    6 Query	SHOW GLOBAL STATUS
150224  2:11:14	    6 Query	SHOW GLOBAL STATUS
150224  2:11:17	    6 Query	SHOW GLOBAL STATUS
150224  2:11:20	    6 Query	SHOW GLOBAL STATUS
150224  2:11:23	    6 Query	SHOW GLOBAL STATUS
150224  2:11:26	    6 Query	SHOW GLOBAL STATUS
150224  2:11:30	    6 Query	SHOW GLOBAL STATUS
150224  2:11:33	    6 Query	SHOW GLOBAL STATUS
150224  2:11:36	    6 Query	SHOW GLOBAL STATUS
150224  2:11:39	    6 Query	SHOW GLOBAL STATUS
150224  2:11:42	    6 Query	SHOW GLOBAL STATUS
150224  2:11:45	    6 Query	SHOW GLOBAL STATUS
150224  2:11:48	    6 Query	SHOW GLOBAL STATUS
150224  2:11:51	    6 Query	SHOW GLOBAL STATUS
150224  2:11:54	    6 Query	SHOW GLOBAL STATUS
150224  2:11:57	    6 Query	SHOW GLOBAL STATUS
150224  2:12:00	    6 Query	SHOW GLOBAL STATUS
150224  2:12:03	    6 Query	SHOW GLOBAL STATUS
150224  2:12:06	    6 Query	SHOW GLOBAL STATUS
150224  2:12:09	    6 Query	SHOW GLOBAL STATUS
150224  2:12:12	    6 Query	SHOW GLOBAL STATUS
150224  2:12:15	    6 Query	SHOW GLOBAL STATUS
150224  2:12:18	    6 Query	SHOW GLOBAL STATUS
150224  2:12:21	    6 Query	SHOW GLOBAL STATUS
150224  2:12:24	    6 Query	SHOW GLOBAL STATUS
150224  2:12:27	    6 Query	SHOW GLOBAL STATUS
150224  2:12:30	    6 Query	SHOW GLOBAL STATUS
150224  2:12:33	    6 Query	SHOW GLOBAL STATUS
150224  2:12:36	    6 Query	SHOW GLOBAL STATUS
150224  2:12:39	    6 Query	SHOW GLOBAL STATUS
150224  2:12:42	    6 Query	SHOW GLOBAL STATUS
150224  2:12:45	    6 Query	SHOW GLOBAL STATUS
150224  2:12:48	    6 Query	SHOW GLOBAL STATUS
150224  2:12:51	    6 Query	SHOW GLOBAL STATUS
150224  2:12:54	    6 Query	SHOW GLOBAL STATUS
150224  2:12:57	    6 Query	SHOW GLOBAL STATUS
150224  2:13:00	    6 Query	SHOW GLOBAL STATUS
150224  2:13:03	    6 Query	SHOW GLOBAL STATUS
150224  2:13:06	    6 Query	SHOW GLOBAL STATUS
150224  2:13:09	    6 Query	SHOW GLOBAL STATUS
150224  2:13:12	    6 Query	SHOW GLOBAL STATUS
150224  2:13:15	    6 Query	SHOW GLOBAL STATUS
150224  2:13:18	    6 Query	SHOW GLOBAL STATUS
150224  2:13:21	    6 Query	SHOW GLOBAL STATUS
150224  2:13:24	    6 Query	SHOW GLOBAL STATUS
150224  2:13:27	    6 Query	SHOW GLOBAL STATUS
150224  2:13:30	    6 Query	SHOW GLOBAL STATUS
150224  2:13:33	    6 Query	SHOW GLOBAL STATUS
150224  2:13:36	    6 Query	SHOW GLOBAL STATUS
150224  2:13:39	    6 Query	SHOW GLOBAL STATUS
150224  2:13:42	    6 Query	SHOW GLOBAL STATUS
150224  2:13:45	    6 Query	SHOW GLOBAL STATUS
150224  2:13:48	    6 Query	SHOW GLOBAL STATUS
150224  2:13:51	    6 Query	SHOW GLOBAL STATUS
150224  2:13:54	    6 Query	SHOW GLOBAL STATUS
150224  2:13:57	    6 Query	SHOW GLOBAL STATUS
150224  2:14:01	    6 Query	SHOW GLOBAL STATUS
150224  2:14:04	    6 Query	SHOW GLOBAL STATUS
150224  2:14:07	    6 Query	SHOW GLOBAL STATUS
150224  2:14:10	    6 Query	SHOW GLOBAL STATUS
150224  2:14:13	    6 Query	SHOW GLOBAL STATUS
150224  2:14:16	    6 Query	SHOW GLOBAL STATUS
150224  2:14:19	    6 Query	SHOW GLOBAL STATUS
150224  2:14:22	    6 Query	SHOW GLOBAL STATUS
150224  2:14:25	    6 Query	SHOW GLOBAL STATUS
150224  2:14:28	    6 Query	SHOW GLOBAL STATUS
150224  2:14:31	    6 Query	SHOW GLOBAL STATUS
150224  2:14:34	    6 Query	SHOW GLOBAL STATUS
150224  2:14:37	    6 Query	SHOW GLOBAL STATUS
150224  2:14:40	    6 Query	SHOW GLOBAL STATUS
150224  2:14:43	    6 Query	SHOW GLOBAL STATUS
150224  2:14:46	    6 Query	SHOW GLOBAL STATUS
150224  2:14:49	    6 Query	SHOW GLOBAL STATUS
150224  2:14:52	    6 Query	SHOW GLOBAL STATUS
150224  2:14:55	    6 Query	SHOW GLOBAL STATUS
150224  2:14:58	    6 Query	SHOW GLOBAL STATUS
150224  2:15:01	    6 Query	SHOW GLOBAL STATUS
150224  2:15:04	    6 Query	SHOW GLOBAL STATUS
150224  2:15:07	    6 Query	SHOW GLOBAL STATUS
150224  2:15:08	    3 Query	DESCRIBE mysql.db
		    3 Query	DESCRIBE mysql.user
		    3 Query	SHOW DATABASES
		    3 Query	SELECT User, Host FROM mysql.user ORDER BY User
		    3 Query	SELECT d.User, d.Host, d.Db FROM mysql.db AS d LEFT JOIN mysql.user AS u ON d.User = u.user AND d.Host = u.Host WHERE u.User IS NULL
		    3 Query	SELECT t.User, t.Host, t.Db, t.Table_name FROM mysql.tables_priv AS t LEFT JOIN mysql.user AS u ON t.User = u.user AND t.Host = u.Host WHERE u.User IS NULL
		    3 Query	SELECT c.User, c.Host, c.Db, c.Table_name, c.Column_name FROM mysql.columns_priv AS c LEFT JOIN mysql.user AS u ON c.User = u.user AND c.Host = u.Host WHERE u.User IS NULL
		    3 Query	SELECT p.User, p.Host, p.Db, p.Routine_name, p.Routine_type FROM mysql.procs_priv AS p LEFT JOIN mysql.user AS u ON p.User = u.user AND p.Host = u.Host WHERE u.User IS NULL
		    3 Query	DESCRIBE mysql.db
		    3 Query	DESCRIBE mysql.user
		    3 Query	SHOW DATABASES
		    3 Query	SELECT User, Host FROM mysql.user ORDER BY User
		    3 Query	SELECT d.User, d.Host, d.Db FROM mysql.db AS d LEFT JOIN mysql.user AS u ON d.User = u.user AND d.Host = u.Host WHERE u.User IS NULL
		    3 Query	SELECT t.User, t.Host, t.Db, t.Table_name FROM mysql.tables_priv AS t LEFT JOIN mysql.user AS u ON t.User = u.user AND t.Host = u.Host WHERE u.User IS NULL
		    3 Query	SELECT c.User, c.Host, c.Db, c.Table_name, c.Column_name FROM mysql.columns_priv AS c LEFT JOIN mysql.user AS u ON c.User = u.user AND c.Host = u.Host WHERE u.User IS NULL
		    3 Query	SELECT p.User, p.Host, p.Db, p.Routine_name, p.Routine_type FROM mysql.procs_priv AS p LEFT JOIN mysql.user AS u ON p.User = u.user AND p.Host = u.Host WHERE u.User IS NULL
150224  2:15:09	    5 Query	DESCRIBE mysql.db
		    5 Query	DESCRIBE mysql.user
		    5 Query	SHOW DATABASES
		    5 Query	SELECT User, Host FROM mysql.user ORDER BY User
		    5 Query	SELECT d.User, d.Host, d.Db FROM mysql.db AS d LEFT JOIN mysql.user AS u ON d.User = u.user AND d.Host = u.Host WHERE u.User IS NULL
		    5 Query	SELECT t.User, t.Host, t.Db, t.Table_name FROM mysql.tables_priv AS t LEFT JOIN mysql.user AS u ON t.User = u.user AND t.Host = u.Host WHERE u.User IS NULL
		    5 Query	SELECT c.User, c.Host, c.Db, c.Table_name, c.Column_name FROM mysql.columns_priv AS c LEFT JOIN mysql.user AS u ON c.User = u.user AND c.Host = u.Host WHERE u.User IS NULL
		    5 Query	SELECT p.User, p.Host, p.Db, p.Routine_name, p.Routine_type FROM mysql.procs_priv AS p LEFT JOIN mysql.user AS u ON p.User = u.user AND p.Host = u.Host WHERE u.User IS NULL
		    5 Query	DESCRIBE mysql.db
		    5 Query	DESCRIBE mysql.user
		    5 Query	SHOW DATABASES
		    5 Query	SELECT User, Host FROM mysql.user ORDER BY User
		    5 Query	SELECT d.User, d.Host, d.Db FROM mysql.db AS d LEFT JOIN mysql.user AS u ON d.User = u.user AND d.Host = u.Host WHERE u.User IS NULL
		    5 Query	SELECT t.User, t.Host, t.Db, t.Table_name FROM mysql.tables_priv AS t LEFT JOIN mysql.user AS u ON t.User = u.user AND t.Host = u.Host WHERE u.User IS NULL
		    5 Query	SELECT c.User, c.Host, c.Db, c.Table_name, c.Column_name FROM mysql.columns_priv AS c LEFT JOIN mysql.user AS u ON c.User = u.user AND c.Host = u.Host WHERE u.User IS NULL
		    5 Query	SELECT p.User, p.Host, p.Db, p.Routine_name, p.Routine_type FROM mysql.procs_priv AS p LEFT JOIN mysql.user AS u ON p.User = u.user AND p.Host = u.Host WHERE u.User IS NULL
150224  2:15:10	    6 Query	SHOW GLOBAL STATUS
150224  2:15:11	    5 Query	SELECT * FROM mysql.user WHERE User='root' AND Host='127.0.0.1' ORDER BY User, Host
		    5 Query	SELECT * FROM mysql.tables_priv WHERE Host='127.0.0.1' AND User='root' AND Db='mysql'
		    5 Query	SELECT * FROM mysql.db WHERE User='root' AND Host='127.0.0.1' ORDER BY Db
150224  2:15:13	    6 Query	SHOW GLOBAL STATUS
150224  2:15:16	    6 Query	SHOW GLOBAL STATUS
150224  2:15:19	    6 Query	SHOW GLOBAL STATUS
150224  2:15:22	    6 Query	SHOW GLOBAL STATUS
150224  2:15:25	    6 Query	SHOW GLOBAL STATUS
150224  2:15:28	    6 Query	SHOW GLOBAL STATUS
150224  2:15:31	    6 Query	SHOW GLOBAL STATUS
150224  2:15:34	    6 Query	SHOW GLOBAL STATUS
150224  2:15:37	    6 Query	SHOW GLOBAL STATUS
150224  2:15:40	    6 Query	SHOW GLOBAL STATUS
150224  2:15:43	    6 Query	SHOW GLOBAL STATUS
150224  2:15:46	    6 Query	SHOW GLOBAL STATUS
150224  2:15:49	    6 Query	SHOW GLOBAL STATUS
150224  2:15:52	    6 Query	SHOW GLOBAL STATUS
150224  2:15:55	    6 Query	SHOW GLOBAL STATUS
150224  2:15:58	    6 Query	SHOW GLOBAL STATUS
150224  2:16:01	    6 Query	SHOW GLOBAL STATUS
150224  2:16:04	    6 Query	SHOW GLOBAL STATUS
150224  2:16:07	    6 Query	SHOW GLOBAL STATUS
150224  2:16:10	    6 Query	SHOW GLOBAL STATUS
150224  2:16:13	    6 Query	SHOW GLOBAL STATUS
150224  2:16:16	    6 Query	SHOW GLOBAL STATUS
150224  2:16:19	    6 Query	SHOW GLOBAL STATUS
150224  2:16:23	    6 Query	SHOW GLOBAL STATUS
150224  2:16:26	    6 Query	SHOW GLOBAL STATUS
150224  2:16:29	    6 Query	SHOW GLOBAL STATUS
150224  2:16:32	    6 Query	SHOW GLOBAL STATUS
150224  2:16:35	    6 Query	SHOW GLOBAL STATUS
150224  2:16:38	    6 Query	SHOW GLOBAL STATUS
150224  2:16:41	    6 Query	SHOW GLOBAL STATUS
150224  2:16:44	    6 Query	SHOW GLOBAL STATUS
150224  2:16:47	    6 Query	SHOW GLOBAL STATUS
150224  2:16:50	    6 Query	SHOW GLOBAL STATUS
150224  2:16:53	    6 Query	SHOW GLOBAL STATUS
150224  2:16:56	    6 Query	SHOW GLOBAL STATUS
150224  2:16:59	    6 Query	SHOW GLOBAL STATUS
150224  2:17:02	    6 Query	SHOW GLOBAL STATUS
150224  2:17:05	    6 Query	SHOW GLOBAL STATUS
150224  2:17:08	    6 Query	SHOW GLOBAL STATUS
150224  2:17:10	    5 Query	CREATE USER 'courseUserr'@'%' IDENTIFIED BY PASSWORD '*F8A8CB558B51F4089C1CB1B67EB6B42AA7226526'
		    5 Query	use mysql
		    5 Query	GRANT USAGE ON *.* TO 'courseUserr'@'%' WITH MAX_QUERIES_PER_HOUR 0 MAX_CONNECTIONS_PER_HOUR 0 MAX_UPDATES_PER_HOUR 0 MAX_USER_CONNECTIONS 0
		    5 Query	use mysql
		    5 Query	SELECT * FROM mysql.user WHERE User='courseUserr' AND Host='%' ORDER BY User, Host
		    5 Query	SELECT * FROM mysql.tables_priv WHERE Host='%' AND User='courseUserr' AND Db='mysql'
		    5 Query	SELECT * FROM mysql.db WHERE User='courseUserr' AND Host='%' ORDER BY Db
		    5 Query	SHOW DATABASES
		    5 Query	SELECT User, Host FROM mysql.user ORDER BY User
		    5 Query	SELECT d.User, d.Host, d.Db FROM mysql.db AS d LEFT JOIN mysql.user AS u ON d.User = u.user AND d.Host = u.Host WHERE u.User IS NULL
		    5 Query	SELECT t.User, t.Host, t.Db, t.Table_name FROM mysql.tables_priv AS t LEFT JOIN mysql.user AS u ON t.User = u.user AND t.Host = u.Host WHERE u.User IS NULL
		    5 Query	SELECT c.User, c.Host, c.Db, c.Table_name, c.Column_name FROM mysql.columns_priv AS c LEFT JOIN mysql.user AS u ON c.User = u.user AND c.Host = u.Host WHERE u.User IS NULL
		    5 Query	SELECT p.User, p.Host, p.Db, p.Routine_name, p.Routine_type FROM mysql.procs_priv AS p LEFT JOIN mysql.user AS u ON p.User = u.user AND p.Host = u.Host WHERE u.User IS NULL
		    5 Query	SELECT * FROM mysql.user WHERE User='courseUserr' AND Host='%' ORDER BY User, Host
		    5 Query	SELECT * FROM mysql.tables_priv WHERE Host='%' AND User='courseUserr' AND Db='mysql'
		    5 Query	SELECT * FROM mysql.db WHERE User='courseUserr' AND Host='%' ORDER BY Db
150224  2:17:11	    6 Query	SHOW GLOBAL STATUS
150224  2:17:14	    6 Query	SHOW GLOBAL STATUS
150224  2:17:17	    6 Query	SHOW GLOBAL STATUS
150224  2:17:20	    6 Query	SHOW GLOBAL STATUS
150224  2:17:23	    6 Query	SHOW GLOBAL STATUS
150224  2:17:26	    6 Query	SHOW GLOBAL STATUS
150224  2:17:29	    6 Query	SHOW GLOBAL STATUS
150224  2:17:32	    6 Query	SHOW GLOBAL STATUS
150224  2:17:35	    6 Query	SHOW GLOBAL STATUS
150224  2:17:38	    6 Query	SHOW GLOBAL STATUS
150224  2:17:41	    6 Query	SHOW GLOBAL STATUS
150224  2:17:44	    6 Query	SHOW GLOBAL STATUS
150224  2:17:47	    6 Query	SHOW GLOBAL STATUS
150224  2:17:50	    6 Query	SHOW GLOBAL STATUS
150224  2:18:02	    6 Query	SHOW GLOBAL STATUS
150224  2:18:05	    6 Query	SHOW GLOBAL STATUS
150224  2:18:08	    6 Query	SHOW GLOBAL STATUS
150224  2:18:11	    6 Query	SHOW GLOBAL STATUS
150224  2:18:14	    6 Query	SHOW GLOBAL STATUS
150224  2:18:17	    6 Query	SHOW GLOBAL STATUS
150224  2:18:20	    6 Query	SHOW GLOBAL STATUS
150224  2:18:23	    6 Query	SHOW GLOBAL STATUS
150224  2:18:26	    6 Query	SHOW GLOBAL STATUS
150224  2:18:28	    5 Query	use mysql
		    5 Query	GRANT UPDATE, INSERT, SELECT ON *.* TO 'courseUserr'@'%'
		    5 Query	use mysql
		    5 Query	SELECT * FROM mysql.user WHERE User='courseUserr' AND Host='%' ORDER BY User, Host
		    5 Query	SELECT * FROM mysql.tables_priv WHERE Host='%' AND User='courseUserr' AND Db='mysql'
		    5 Query	SELECT * FROM mysql.db WHERE User='courseUserr' AND Host='%' ORDER BY Db
		    5 Query	SHOW DATABASES
		    5 Query	SELECT User, Host FROM mysql.user ORDER BY User
		    5 Query	SELECT d.User, d.Host, d.Db FROM mysql.db AS d LEFT JOIN mysql.user AS u ON d.User = u.user AND d.Host = u.Host WHERE u.User IS NULL
		    5 Query	SELECT t.User, t.Host, t.Db, t.Table_name FROM mysql.tables_priv AS t LEFT JOIN mysql.user AS u ON t.User = u.user AND t.Host = u.Host WHERE u.User IS NULL
		    5 Query	SELECT c.User, c.Host, c.Db, c.Table_name, c.Column_name FROM mysql.columns_priv AS c LEFT JOIN mysql.user AS u ON c.User = u.user AND c.Host = u.Host WHERE u.User IS NULL
		    5 Query	SELECT p.User, p.Host, p.Db, p.Routine_name, p.Routine_type FROM mysql.procs_priv AS p LEFT JOIN mysql.user AS u ON p.User = u.user AND p.Host = u.Host WHERE u.User IS NULL
		    5 Query	SELECT * FROM mysql.user WHERE User='courseUserr' AND Host='%' ORDER BY User, Host
		    5 Query	SELECT * FROM mysql.tables_priv WHERE Host='%' AND User='courseUserr' AND Db='mysql'
		    5 Query	SELECT * FROM mysql.db WHERE User='courseUserr' AND Host='%' ORDER BY Db
150224  2:18:29	    6 Query	SHOW GLOBAL STATUS
150224  2:18:32	    6 Query	SHOW GLOBAL STATUS
150224  2:18:35	    6 Query	SHOW GLOBAL STATUS
150224  2:18:38	    6 Query	SHOW GLOBAL STATUS
150224  2:18:41	    6 Query	SHOW GLOBAL STATUS
150224  2:18:44	    6 Query	SHOW GLOBAL STATUS
150224  2:18:47	    6 Query	SHOW GLOBAL STATUS
150224  2:18:50	    6 Query	SHOW GLOBAL STATUS
150224  2:18:53	    6 Query	SHOW GLOBAL STATUS
150224  2:18:56	    6 Query	SHOW GLOBAL STATUS
150224  2:18:59	    6 Query	SHOW GLOBAL STATUS
150224  2:19:02	    6 Query	SHOW GLOBAL STATUS
150224  2:19:06	    6 Query	SHOW GLOBAL STATUS
150224  2:19:09	    6 Query	SHOW GLOBAL STATUS
150224  2:19:11	    2 Query	SELECT * FROM
mysql.user
LIMIT 0, 1000
		    1 Query	SELECT st.* FROM performance_schema.events_statements_current st JOIN performance_schema.threads thr ON thr.thread_id = st.thread_id WHERE thr.processlist_id = 2
		    1 Query	SELECT st.* FROM performance_schema.events_stages_history_long st WHERE st.nesting_event_id = 20
		    1 Query	SELECT st.* FROM performance_schema.events_waits_history_long st WHERE st.nesting_event_id = 20
		    1 Query	SHOW INDEX FROM `mysql`.`user`
150224  2:19:12	    6 Query	SHOW GLOBAL STATUS
150224  2:19:15	    6 Query	SHOW GLOBAL STATUS
150224  2:19:18	    6 Query	SHOW GLOBAL STATUS
150224  2:19:21	    6 Query	SHOW GLOBAL STATUS
150224  2:19:24	    6 Query	SHOW GLOBAL STATUS
150224  2:19:27	    6 Query	SHOW GLOBAL STATUS
150224  2:19:30	    6 Query	SHOW GLOBAL STATUS
150224  2:19:33	    6 Query	SHOW GLOBAL STATUS
150224  2:19:36	    6 Query	SHOW GLOBAL STATUS
150224  2:19:39	    6 Query	SHOW GLOBAL STATUS
150224  2:19:42	    6 Query	SHOW GLOBAL STATUS
150224  2:19:45	    6 Query	SHOW GLOBAL STATUS
150224  2:19:48	    6 Query	SHOW GLOBAL STATUS
150224  2:19:51	    6 Query	SHOW GLOBAL STATUS
150224  2:19:54	    6 Query	SHOW GLOBAL STATUS
150224  2:19:57	    6 Query	SHOW GLOBAL STATUS
150224  2:20:00	    6 Query	SHOW GLOBAL STATUS
150224  2:20:03	    6 Query	SHOW GLOBAL STATUS
150224  2:20:06	    6 Query	SHOW GLOBAL STATUS
150224  2:20:09	    6 Query	SHOW GLOBAL STATUS
150224  2:20:12	    6 Query	SHOW GLOBAL STATUS
150224  2:20:15	    6 Query	SHOW GLOBAL STATUS
150224  2:20:18	    6 Query	SHOW GLOBAL STATUS
150224  2:20:21	    6 Query	SHOW GLOBAL STATUS
150224  2:20:24	    6 Query	SHOW GLOBAL STATUS
150224  2:20:27	    6 Query	SHOW GLOBAL STATUS
150224  2:20:30	    6 Query	SHOW GLOBAL STATUS
150224  2:20:33	    6 Query	SHOW GLOBAL STATUS
150224  2:20:36	    6 Query	SHOW GLOBAL STATUS
150224  2:20:39	    6 Query	SHOW GLOBAL STATUS
150224  2:20:42	    6 Query	SHOW GLOBAL STATUS
150224  2:20:45	    6 Query	SHOW GLOBAL STATUS
150224  2:20:48	    6 Query	SHOW GLOBAL STATUS
150224  2:20:51	    6 Query	SHOW GLOBAL STATUS
150224  2:20:54	    6 Query	SHOW GLOBAL STATUS
150224  2:20:57	    6 Query	SHOW GLOBAL STATUS
150224  2:21:00	    6 Query	SHOW GLOBAL STATUS
150224  2:21:03	    6 Query	SHOW GLOBAL STATUS
150224  2:21:06	    6 Query	SHOW GLOBAL STATUS
150224  2:21:09	    6 Query	SHOW GLOBAL STATUS
150224  2:21:12	    6 Query	SHOW GLOBAL STATUS
150224  2:21:15	    6 Query	SHOW GLOBAL STATUS
150224  2:21:18	    6 Query	SHOW GLOBAL STATUS
150224  2:21:21	    6 Query	SHOW GLOBAL STATUS
150224  2:21:24	    6 Query	SHOW GLOBAL STATUS
150224  2:21:27	    6 Query	SHOW GLOBAL STATUS
150224  2:21:30	    6 Query	SHOW GLOBAL STATUS
150224  2:21:34	    6 Query	SHOW GLOBAL STATUS
150224  2:21:37	    6 Query	SHOW GLOBAL STATUS
150224  2:21:40	    6 Query	SHOW GLOBAL STATUS
150224  2:21:43	    6 Query	SHOW GLOBAL STATUS
150224  2:21:46	    6 Query	SHOW GLOBAL STATUS
150224  2:21:49	    6 Query	SHOW GLOBAL STATUS
150224  2:21:52	    6 Query	SHOW GLOBAL STATUS
150224  2:21:55	    6 Query	SHOW GLOBAL STATUS
150224  2:21:58	    6 Query	SHOW GLOBAL STATUS
150224  2:22:01	    6 Query	SHOW GLOBAL STATUS
150224  2:22:04	    6 Query	SHOW GLOBAL STATUS
150224  2:22:07	    6 Query	SHOW GLOBAL STATUS
150224  2:22:10	    6 Query	SHOW GLOBAL STATUS
150224  2:22:13	    6 Query	SHOW GLOBAL STATUS
150224  2:22:16	    6 Query	SHOW GLOBAL STATUS
150224  2:22:19	    6 Query	SHOW GLOBAL STATUS
150224  2:22:22	    6 Query	SHOW GLOBAL STATUS
150224  2:22:25	    6 Query	SHOW GLOBAL STATUS
150224  2:22:28	    6 Query	SHOW GLOBAL STATUS
150224  2:22:31	    6 Query	SHOW GLOBAL STATUS
150224  2:22:34	    6 Query	SHOW GLOBAL STATUS
150224  2:22:37	    6 Query	SHOW GLOBAL STATUS
150224  2:22:40	    6 Query	SHOW GLOBAL STATUS
150224  2:22:43	    6 Query	SHOW GLOBAL STATUS
150224  2:22:46	    6 Query	SHOW GLOBAL STATUS
150224  2:22:49	    6 Query	SHOW GLOBAL STATUS
150224  2:22:52	    6 Query	SHOW GLOBAL STATUS
150224  2:22:55	    6 Query	SHOW GLOBAL STATUS
150224  2:22:58	    6 Query	SHOW GLOBAL STATUS
150224  2:23:01	    6 Query	SHOW GLOBAL STATUS
150224  2:23:04	    6 Query	SHOW GLOBAL STATUS
150224  2:23:07	    6 Query	SHOW GLOBAL STATUS
150224  2:23:10	    6 Query	SHOW GLOBAL STATUS
150224  2:23:13	    6 Query	SHOW GLOBAL STATUS
150224  2:23:16	    6 Query	SHOW GLOBAL STATUS
150224  2:23:19	    6 Query	SHOW GLOBAL STATUS
150224  2:23:22	    6 Query	SHOW GLOBAL STATUS
150224  2:23:25	    6 Query	SHOW GLOBAL STATUS
150224  2:23:28	    6 Query	SHOW GLOBAL STATUS
150224  2:23:31	    6 Query	SHOW GLOBAL STATUS
150224  2:23:34	    6 Query	SHOW GLOBAL STATUS
150224  2:23:37	    6 Query	SHOW GLOBAL STATUS
150224  2:23:40	    6 Query	SHOW GLOBAL STATUS
150224  2:23:43	    6 Query	SHOW GLOBAL STATUS
150224  2:23:46	    6 Query	SHOW GLOBAL STATUS
150224  2:23:49	    6 Query	SHOW GLOBAL STATUS
150224  2:23:52	    6 Query	SHOW GLOBAL STATUS
150224  2:23:55	    6 Query	SHOW GLOBAL STATUS
150224  2:23:58	    6 Query	SHOW GLOBAL STATUS
150224  2:24:01	    6 Query	SHOW GLOBAL STATUS
150224  2:24:05	    6 Query	SHOW GLOBAL STATUS
150224  2:24:08	    6 Query	SHOW GLOBAL STATUS
150224  2:24:11	    6 Query	SHOW GLOBAL STATUS
150224  2:24:14	    6 Query	SHOW GLOBAL STATUS
150224  2:24:17	    6 Query	SHOW GLOBAL STATUS
150224  2:24:20	    6 Query	SHOW GLOBAL STATUS
150224  2:24:23	    6 Query	SHOW GLOBAL STATUS
150224  2:24:26	    6 Query	SHOW GLOBAL STATUS
150224  2:24:29	    6 Query	SHOW GLOBAL STATUS
150224  2:24:32	    6 Query	SHOW GLOBAL STATUS
150224  2:24:35	    6 Query	SHOW GLOBAL STATUS
150224  2:24:38	    6 Query	SHOW GLOBAL STATUS
150224  2:24:41	    6 Query	SHOW GLOBAL STATUS
150224  2:24:44	    6 Query	SHOW GLOBAL STATUS
150224  2:24:47	    6 Query	SHOW GLOBAL STATUS
150224  2:24:50	    6 Query	SHOW GLOBAL STATUS
150224  2:24:53	    6 Query	SHOW GLOBAL STATUS
150224  2:24:56	    6 Query	SHOW GLOBAL STATUS
150224  2:24:59	    6 Query	SHOW GLOBAL STATUS
150224  2:25:02	    6 Query	SHOW GLOBAL STATUS
150224  2:25:05	    6 Query	SHOW GLOBAL STATUS
150224  2:25:08	    6 Query	SHOW GLOBAL STATUS
150224  2:25:11	    6 Query	SHOW GLOBAL STATUS
150224  2:25:14	    6 Query	SHOW GLOBAL STATUS
150224  2:25:17	    6 Query	SHOW GLOBAL STATUS
150224  2:25:20	    6 Query	SHOW GLOBAL STATUS
150224  2:25:23	    6 Query	SHOW GLOBAL STATUS
150224  2:25:26	    6 Query	SHOW GLOBAL STATUS
150224  2:25:29	    6 Query	SHOW GLOBAL STATUS
150224  2:25:32	    6 Query	SHOW GLOBAL STATUS
150224  2:25:35	    6 Query	SHOW GLOBAL STATUS
150224  2:25:38	    6 Query	SHOW GLOBAL STATUS
150224  2:25:41	    6 Query	SHOW GLOBAL STATUS
150224  2:25:44	    6 Query	SHOW GLOBAL STATUS
150224  2:25:47	    6 Query	SHOW GLOBAL STATUS
150224  2:25:50	    6 Query	SHOW GLOBAL STATUS
150224  2:25:53	    6 Query	SHOW GLOBAL STATUS
150224  2:25:56	    6 Query	SHOW GLOBAL STATUS
150224  2:25:59	    6 Query	SHOW GLOBAL STATUS
150224  2:26:02	    6 Query	SHOW GLOBAL STATUS
150224  2:26:05	    6 Query	SHOW GLOBAL STATUS
150224  2:26:08	    6 Query	SHOW GLOBAL STATUS
150224  2:26:11	    6 Query	SHOW GLOBAL STATUS
150224  2:26:14	    6 Query	SHOW GLOBAL STATUS
150224  2:26:17	    6 Query	SHOW GLOBAL STATUS
150224  2:26:20	    6 Query	SHOW GLOBAL STATUS
150224  2:26:23	    6 Query	SHOW GLOBAL STATUS
150224  2:26:26	    6 Query	SHOW GLOBAL STATUS
150224  2:26:29	    6 Query	SHOW GLOBAL STATUS
150224  2:26:32	    6 Query	SHOW GLOBAL STATUS
150224  2:26:36	    6 Query	SHOW GLOBAL STATUS
150224  2:26:39	    6 Query	SHOW GLOBAL STATUS
150224  2:26:42	    6 Query	SHOW GLOBAL STATUS
150224  2:26:45	    6 Query	SHOW GLOBAL STATUS
150224  2:26:48	    6 Query	SHOW GLOBAL STATUS
150224  2:26:51	    6 Query	SHOW GLOBAL STATUS
150224  2:26:54	    6 Query	SHOW GLOBAL STATUS
150224  2:26:57	    6 Query	SHOW GLOBAL STATUS
150224  2:27:00	    6 Query	SHOW GLOBAL STATUS
150224  2:27:03	    6 Query	SHOW GLOBAL STATUS
150224  2:27:06	    6 Query	SHOW GLOBAL STATUS
150224  2:27:09	    6 Query	SHOW GLOBAL STATUS
150224  2:27:12	    6 Query	SHOW GLOBAL STATUS
150224  2:27:15	    6 Query	SHOW GLOBAL STATUS
150224  2:27:18	    6 Query	SHOW GLOBAL STATUS
150224  2:27:21	    6 Query	SHOW GLOBAL STATUS
150224  2:27:24	    6 Query	SHOW GLOBAL STATUS
150224  2:27:27	    6 Query	SHOW GLOBAL STATUS
150224  2:27:30	    6 Query	SHOW GLOBAL STATUS
150224  2:27:33	    6 Query	SHOW GLOBAL STATUS
150224  2:27:36	    6 Query	SHOW GLOBAL STATUS
150224  2:27:39	    6 Query	SHOW GLOBAL STATUS
150224  2:27:42	    6 Query	SHOW GLOBAL STATUS
150224  2:27:45	    6 Query	SHOW GLOBAL STATUS
150224  2:27:48	    6 Query	SHOW GLOBAL STATUS
150224  2:27:51	    6 Query	SHOW GLOBAL STATUS
150224  2:27:54	    6 Query	SHOW GLOBAL STATUS
150224  2:27:57	    6 Query	SHOW GLOBAL STATUS
150224  2:28:00	    6 Query	SHOW GLOBAL STATUS
150224  2:28:03	    6 Query	SHOW GLOBAL STATUS
150224  2:28:06	    6 Query	SHOW GLOBAL STATUS
150224  2:28:09	    6 Query	SHOW GLOBAL STATUS
150224  2:28:12	    6 Query	SHOW GLOBAL STATUS
150224  2:28:15	    6 Query	SHOW GLOBAL STATUS
150224  2:28:18	    6 Query	SHOW GLOBAL STATUS
150224  2:28:21	    6 Query	SHOW GLOBAL STATUS
150224  2:28:24	    6 Query	SHOW GLOBAL STATUS
150224  2:28:27	    6 Query	SHOW GLOBAL STATUS
150224  2:28:30	    6 Query	SHOW GLOBAL STATUS
150224  2:28:33	    6 Query	SHOW GLOBAL STATUS
150224  2:28:36	    6 Query	SHOW GLOBAL STATUS
150224  2:28:39	    6 Query	SHOW GLOBAL STATUS
150224  2:28:42	    6 Query	SHOW GLOBAL STATUS
150224  2:28:45	    6 Query	SHOW GLOBAL STATUS
150224  2:28:48	    6 Query	SHOW GLOBAL STATUS
150224  2:28:51	    6 Query	SHOW GLOBAL STATUS
150224  2:28:54	    6 Query	SHOW GLOBAL STATUS
150224  2:28:57	    6 Query	SHOW GLOBAL STATUS
150224  2:29:00	    6 Query	SHOW GLOBAL STATUS
150224  2:29:03	    6 Query	SHOW GLOBAL STATUS
150224  2:29:06	    6 Query	SHOW GLOBAL STATUS
150224  2:29:10	    6 Query	SHOW GLOBAL STATUS
150224  2:29:13	    6 Query	SHOW GLOBAL STATUS
150224  2:29:16	    6 Query	SHOW GLOBAL STATUS
150224  2:29:19	    6 Query	SHOW GLOBAL STATUS
150224  2:29:22	    6 Query	SHOW GLOBAL STATUS
150224  2:29:25	    6 Query	SHOW GLOBAL STATUS
150224  2:29:28	    6 Query	SHOW GLOBAL STATUS
150224  2:29:31	    6 Query	SHOW GLOBAL STATUS
150224  2:29:34	    6 Query	SHOW GLOBAL STATUS
150224  2:29:37	    6 Query	SHOW GLOBAL STATUS
150224  2:29:40	    6 Query	SHOW GLOBAL STATUS
150224  2:29:43	    6 Query	SHOW GLOBAL STATUS
150224  2:29:46	    6 Query	SHOW GLOBAL STATUS
150224  2:29:49	    6 Query	SHOW GLOBAL STATUS
150224  2:29:52	    6 Query	SHOW GLOBAL STATUS
150224  2:29:55	    6 Query	SHOW GLOBAL STATUS
150224  2:29:58	    6 Query	SHOW GLOBAL STATUS
150224  2:30:01	    6 Query	SHOW GLOBAL STATUS
150224  2:30:04	    6 Query	SHOW GLOBAL STATUS
150224  2:30:07	    6 Query	SHOW GLOBAL STATUS
150224  2:30:10	    6 Query	SHOW GLOBAL STATUS
150224  2:30:13	    6 Query	SHOW GLOBAL STATUS
150224  2:30:16	    6 Query	SHOW GLOBAL STATUS
150224  2:30:19	    6 Query	SHOW GLOBAL STATUS
150224  2:30:22	    6 Query	SHOW GLOBAL STATUS
150224  2:30:25	    6 Query	SHOW GLOBAL STATUS
150224  2:30:28	    6 Query	SHOW GLOBAL STATUS
150224  2:30:31	    6 Query	SHOW GLOBAL STATUS
150224  2:30:34	    6 Query	SHOW GLOBAL STATUS
150224  2:30:37	    6 Query	SHOW GLOBAL STATUS
150224  2:30:40	    6 Query	SHOW GLOBAL STATUS
150224  2:30:43	    6 Query	SHOW GLOBAL STATUS
150224  2:30:46	    6 Query	SHOW GLOBAL STATUS
150224  2:30:49	    6 Query	SHOW GLOBAL STATUS
150224  2:30:52	    6 Query	SHOW GLOBAL STATUS
150224  2:30:55	    6 Query	SHOW GLOBAL STATUS
150224  2:30:58	    6 Query	SHOW GLOBAL STATUS
150224  2:31:01	    6 Query	SHOW GLOBAL STATUS
150224  2:31:04	    6 Query	SHOW GLOBAL STATUS
150224  2:31:07	    6 Query	SHOW GLOBAL STATUS
150224  2:31:10	    6 Query	SHOW GLOBAL STATUS
150224  2:31:13	    6 Query	SHOW GLOBAL STATUS
150224  2:31:16	    6 Query	SHOW GLOBAL STATUS
150224  2:31:19	    6 Query	SHOW GLOBAL STATUS
150224  2:31:22	    6 Query	SHOW GLOBAL STATUS
150224  2:31:25	    6 Query	SHOW GLOBAL STATUS
150224  2:31:28	    6 Query	SHOW GLOBAL STATUS
150224  2:31:31	    6 Query	SHOW GLOBAL STATUS
150224  2:31:34	    6 Query	SHOW GLOBAL STATUS
150224  2:31:37	    6 Query	SHOW GLOBAL STATUS
150224  2:31:41	    6 Query	SHOW GLOBAL STATUS
150224  2:31:44	    6 Query	SHOW GLOBAL STATUS
150224  2:31:47	    6 Query	SHOW GLOBAL STATUS
150224  2:31:50	    6 Query	SHOW GLOBAL STATUS
150224  2:31:53	    6 Query	SHOW GLOBAL STATUS
150224  2:31:56	    6 Query	SHOW GLOBAL STATUS
150224  2:31:59	    6 Query	SHOW GLOBAL STATUS
150224  2:32:02	    6 Query	SHOW GLOBAL STATUS
150224  2:32:05	    6 Query	SHOW GLOBAL STATUS
150224  2:32:08	    6 Query	SHOW GLOBAL STATUS
150224  2:32:11	    6 Query	SHOW GLOBAL STATUS
150224  2:32:14	    6 Query	SHOW GLOBAL STATUS
150224  2:32:17	    6 Query	SHOW GLOBAL STATUS
150224  2:32:20	    6 Query	SHOW GLOBAL STATUS
150224  2:32:23	    6 Query	SHOW GLOBAL STATUS
150224  2:32:26	    6 Query	SHOW GLOBAL STATUS
150224  2:32:29	    6 Query	SHOW GLOBAL STATUS
150224  2:32:32	    6 Query	SHOW GLOBAL STATUS
150224  2:32:35	    6 Query	SHOW GLOBAL STATUS
150224  2:32:38	    6 Query	SHOW GLOBAL STATUS
150224  2:32:41	    6 Query	SHOW GLOBAL STATUS
150224  2:32:44	    6 Query	SHOW GLOBAL STATUS
150224  2:32:47	    6 Query	SHOW GLOBAL STATUS
150224  2:32:50	    6 Query	SHOW GLOBAL STATUS
150224  2:32:53	    6 Query	SHOW GLOBAL STATUS
150224  2:32:56	    6 Query	SHOW GLOBAL STATUS
150224  2:32:59	    6 Query	SHOW GLOBAL STATUS
150224  2:33:02	    6 Query	SHOW GLOBAL STATUS
150224  2:33:05	    6 Query	SHOW GLOBAL STATUS
150224  2:33:08	    6 Query	SHOW GLOBAL STATUS
150224  2:33:11	    6 Query	SHOW GLOBAL STATUS
150224  2:33:14	    6 Query	SHOW GLOBAL STATUS
150224  2:33:17	    6 Query	SHOW GLOBAL STATUS
150224  2:33:20	    6 Query	SHOW GLOBAL STATUS
150224  2:33:23	    6 Query	SHOW GLOBAL STATUS
150224  2:33:26	    6 Query	SHOW GLOBAL STATUS
150224  2:33:29	    6 Query	SHOW GLOBAL STATUS
150224  2:33:32	    6 Query	SHOW GLOBAL STATUS
150224  2:33:34	    7 Connect	courseUser@localhost on sampdb
		    7 Connect	Access denied for user 'courseUser'@'localhost' (using password: YES)
150224  2:33:35	    6 Query	SHOW GLOBAL STATUS
150224  2:33:38	    6 Query	SHOW GLOBAL STATUS
150224  2:33:41	    8 Connect	courseUser@localhost on sampdb
		    8 Connect	Access denied for user 'courseUser'@'localhost' (using password: YES)
		    6 Query	SHOW GLOBAL STATUS
150224  2:33:44	    6 Query	SHOW GLOBAL STATUS
150224  2:33:47	    6 Query	SHOW GLOBAL STATUS
150224  2:33:50	    6 Query	SHOW GLOBAL STATUS
150224  2:33:53	    6 Query	SHOW GLOBAL STATUS
150224  2:33:56	    6 Query	SHOW GLOBAL STATUS
150224  2:33:59	    6 Query	SHOW GLOBAL STATUS
150224  2:34:02	    6 Query	SHOW GLOBAL STATUS
150224  2:34:05	    6 Query	SHOW GLOBAL STATUS
150224  2:34:08	    6 Query	SHOW GLOBAL STATUS
150224  2:34:12	    6 Query	SHOW GLOBAL STATUS
150224  2:34:15	    6 Query	SHOW GLOBAL STATUS
150224  2:34:18	    6 Query	SHOW GLOBAL STATUS
150224  2:34:21	    6 Query	SHOW GLOBAL STATUS
150224  2:34:24	    6 Query	SHOW GLOBAL STATUS
150224  2:34:26	    3 Query	DESCRIBE mysql.db
		    3 Query	DESCRIBE mysql.user
		    3 Query	SHOW DATABASES
		    3 Query	SELECT User, Host FROM mysql.user ORDER BY User
		    3 Query	SELECT d.User, d.Host, d.Db FROM mysql.db AS d LEFT JOIN mysql.user AS u ON d.User = u.user AND d.Host = u.Host WHERE u.User IS NULL
		    3 Query	SELECT t.User, t.Host, t.Db, t.Table_name FROM mysql.tables_priv AS t LEFT JOIN mysql.user AS u ON t.User = u.user AND t.Host = u.Host WHERE u.User IS NULL
		    3 Query	SELECT c.User, c.Host, c.Db, c.Table_name, c.Column_name FROM mysql.columns_priv AS c LEFT JOIN mysql.user AS u ON c.User = u.user AND c.Host = u.Host WHERE u.User IS NULL
		    3 Query	SELECT p.User, p.Host, p.Db, p.Routine_name, p.Routine_type FROM mysql.procs_priv AS p LEFT JOIN mysql.user AS u ON p.User = u.user AND p.Host = u.Host WHERE u.User IS NULL
		    5 Query	DESCRIBE mysql.db
150224  2:34:27	    5 Query	DESCRIBE mysql.user
		    5 Query	SHOW DATABASES
		    5 Query	SELECT User, Host FROM mysql.user ORDER BY User
		    5 Query	SELECT d.User, d.Host, d.Db FROM mysql.db AS d LEFT JOIN mysql.user AS u ON d.User = u.user AND d.Host = u.Host WHERE u.User IS NULL
		    5 Query	SELECT t.User, t.Host, t.Db, t.Table_name FROM mysql.tables_priv AS t LEFT JOIN mysql.user AS u ON t.User = u.user AND t.Host = u.Host WHERE u.User IS NULL
		    5 Query	SELECT c.User, c.Host, c.Db, c.Table_name, c.Column_name FROM mysql.columns_priv AS c LEFT JOIN mysql.user AS u ON c.User = u.user AND c.Host = u.Host WHERE u.User IS NULL
		    5 Query	SELECT p.User, p.Host, p.Db, p.Routine_name, p.Routine_type FROM mysql.procs_priv AS p LEFT JOIN mysql.user AS u ON p.User = u.user AND p.Host = u.Host WHERE u.User IS NULL
		    5 Query	SELECT * FROM mysql.user WHERE User='courseUserr' AND Host='%' ORDER BY User, Host
		    5 Query	SELECT * FROM mysql.tables_priv WHERE Host='%' AND User='courseUserr' AND Db='mysql'
		    5 Query	SELECT * FROM mysql.db WHERE User='courseUserr' AND Host='%' ORDER BY Db
		    6 Query	SHOW GLOBAL STATUS
150224  2:34:29	    5 Query	SELECT * FROM mysql.user WHERE User='root' AND Host='127.0.0.1' ORDER BY User, Host
		    5 Query	SELECT * FROM mysql.tables_priv WHERE Host='127.0.0.1' AND User='root' AND Db='mysql'
		    5 Query	SELECT * FROM mysql.db WHERE User='root' AND Host='127.0.0.1' ORDER BY Db
150224  2:34:30	    6 Query	SHOW GLOBAL STATUS
150224  2:34:33	    6 Query	SHOW GLOBAL STATUS
150224  2:34:36	    6 Query	SHOW GLOBAL STATUS
150224  2:34:39	    6 Query	SHOW GLOBAL STATUS
150224  2:34:42	    6 Query	SHOW GLOBAL STATUS
150224  2:34:45	    6 Query	SHOW GLOBAL STATUS
150224  2:34:48	    6 Query	SHOW GLOBAL STATUS
150224  2:34:51	    6 Query	SHOW GLOBAL STATUS
150224  2:34:54	    6 Query	SHOW GLOBAL STATUS
150224  2:34:57	    6 Query	SHOW GLOBAL STATUS
150224  2:35:00	    6 Query	SHOW GLOBAL STATUS
150224  2:35:03	    6 Query	SHOW GLOBAL STATUS
150224  2:35:06	    6 Query	SHOW GLOBAL STATUS
150224  2:35:09	    6 Query	SHOW GLOBAL STATUS
150224  2:35:10	    9 Connect	courseUser@localhost on sampdb
		    9 Connect	Access denied for user 'courseUser'@'localhost' (using password: YES)
150224  2:35:12	    6 Query	SHOW GLOBAL STATUS
150224  2:35:15	    6 Query	SHOW GLOBAL STATUS
		   10 Connect	courseUser@localhost on sampdb
		   10 Connect	Access denied for user 'courseUser'@'localhost' (using password: YES)
150224  2:35:18	    6 Query	SHOW GLOBAL STATUS
150224  2:35:21	    6 Query	SHOW GLOBAL STATUS
150224  2:35:24	    6 Query	SHOW GLOBAL STATUS
150224  2:35:27	    6 Query	SHOW GLOBAL STATUS
150224  2:35:30	    6 Query	SHOW GLOBAL STATUS
150224  2:35:33	    6 Query	SHOW GLOBAL STATUS
150224  2:35:36	    6 Query	SHOW GLOBAL STATUS
150224  2:35:39	    6 Query	SHOW GLOBAL STATUS
150224  2:35:42	    6 Query	SHOW GLOBAL STATUS
150224  2:35:45	    6 Query	SHOW GLOBAL STATUS
150224  2:35:48	    6 Query	SHOW GLOBAL STATUS
150224  2:35:51	    6 Query	SHOW GLOBAL STATUS
150224  2:35:54	    6 Query	SHOW GLOBAL STATUS
150224  2:35:57	    6 Query	SHOW GLOBAL STATUS
150224  2:36:00	    6 Query	SHOW GLOBAL STATUS
150224  2:36:03	    6 Query	SHOW GLOBAL STATUS
150224  2:36:06	    6 Query	SHOW GLOBAL STATUS
150224  2:36:09	    6 Query	SHOW GLOBAL STATUS
150224  2:36:12	    6 Query	SHOW GLOBAL STATUS
150224  2:36:15	    6 Query	SHOW GLOBAL STATUS
150224  2:36:18	    6 Query	SHOW GLOBAL STATUS
150224  2:36:21	    6 Query	SHOW GLOBAL STATUS
150224  2:36:24	    6 Query	SHOW GLOBAL STATUS
150224  2:36:27	    6 Query	SHOW GLOBAL STATUS
150224  2:36:30	    6 Query	SHOW GLOBAL STATUS
150224  2:36:34	    6 Query	SHOW GLOBAL STATUS
150224  2:36:37	    6 Query	SHOW GLOBAL STATUS
150224  2:36:40	    6 Query	SHOW GLOBAL STATUS
150224  2:36:43	    6 Query	SHOW GLOBAL STATUS
150224  2:36:46	    6 Query	SHOW GLOBAL STATUS
150224  2:36:49	    6 Query	SHOW GLOBAL STATUS
150224  2:36:52	    6 Query	SHOW GLOBAL STATUS
150224  2:36:55	    6 Query	SHOW GLOBAL STATUS
150224  2:36:58	    6 Query	SHOW GLOBAL STATUS
150224  2:37:01	    6 Query	SHOW GLOBAL STATUS
150224  2:37:04	    6 Query	SHOW GLOBAL STATUS
		   11 Connect	courseUser@localhost on sampdb
		   11 Connect	Access denied for user 'courseUser'@'localhost' (using password: YES)
150224  2:37:07	    6 Query	SHOW GLOBAL STATUS
150224  2:37:10	    6 Query	SHOW GLOBAL STATUS
150224  2:37:11	   12 Connect	courseUser@localhost on sampdb
		   12 Connect	Access denied for user 'courseUser'@'localhost' (using password: YES)
150224  2:37:13	    6 Query	SHOW GLOBAL STATUS
150224  2:37:16	    6 Query	SHOW GLOBAL STATUS
150224  2:37:19	    6 Query	SHOW GLOBAL STATUS
150224  2:37:22	    6 Query	SHOW GLOBAL STATUS
150224  2:37:25	    6 Query	SHOW GLOBAL STATUS
150224  2:37:28	    6 Query	SHOW GLOBAL STATUS
150224  2:37:31	    6 Query	SHOW GLOBAL STATUS
150224  2:37:34	    6 Query	SHOW GLOBAL STATUS
150224  2:37:37	    6 Query	SHOW GLOBAL STATUS
150224  2:37:40	    6 Query	SHOW GLOBAL STATUS
150224  2:37:43	    6 Query	SHOW GLOBAL STATUS
150224  2:37:46	    6 Query	SHOW GLOBAL STATUS
150224  2:37:49	    6 Query	SHOW GLOBAL STATUS
150224  2:37:52	    6 Query	SHOW GLOBAL STATUS
150224  2:37:55	    6 Query	SHOW GLOBAL STATUS
150224  2:37:58	    6 Query	SHOW GLOBAL STATUS
150224  2:38:01	    6 Query	SHOW GLOBAL STATUS
150224  2:38:04	    6 Query	SHOW GLOBAL STATUS
150224  2:38:07	    6 Query	SHOW GLOBAL STATUS
150224  2:38:10	    6 Query	SHOW GLOBAL STATUS
150224  2:38:13	    6 Query	SHOW GLOBAL STATUS
150224  2:38:16	    6 Query	SHOW GLOBAL STATUS
150224  2:38:19	    6 Query	SHOW GLOBAL STATUS
150224  2:38:22	    6 Query	SHOW GLOBAL STATUS
150224  2:38:25	    6 Query	SHOW GLOBAL STATUS
150224  2:38:28	    6 Query	SHOW GLOBAL STATUS
150224  2:38:31	    6 Query	SHOW GLOBAL STATUS
150224  2:38:34	    6 Query	SHOW GLOBAL STATUS
150224  2:38:37	    6 Query	SHOW GLOBAL STATUS
150224  2:38:40	    6 Query	SHOW GLOBAL STATUS
150224  2:38:43	    6 Query	SHOW GLOBAL STATUS
150224  2:38:46	    6 Query	SHOW GLOBAL STATUS
150224  2:38:49	    6 Query	SHOW GLOBAL STATUS
150224  2:38:52	    6 Query	SHOW GLOBAL STATUS
150224  2:38:55	    6 Query	SHOW GLOBAL STATUS
150224  2:38:56	    5 Query	use mysql
		    5 Query	use mysql
		    5 Query	SELECT * FROM mysql.user WHERE User='courseUserr' AND Host='%' ORDER BY User, Host
		    5 Query	SELECT * FROM mysql.tables_priv WHERE Host='%' AND User='courseUserr' AND Db='mysql'
		    5 Query	SELECT * FROM mysql.db WHERE User='courseUserr' AND Host='%' ORDER BY Db
		    5 Query	SHOW DATABASES
		    5 Query	SELECT User, Host FROM mysql.user ORDER BY User
		    5 Query	SELECT d.User, d.Host, d.Db FROM mysql.db AS d LEFT JOIN mysql.user AS u ON d.User = u.user AND d.Host = u.Host WHERE u.User IS NULL
		    5 Query	SELECT t.User, t.Host, t.Db, t.Table_name FROM mysql.tables_priv AS t LEFT JOIN mysql.user AS u ON t.User = u.user AND t.Host = u.Host WHERE u.User IS NULL
		    5 Query	SELECT c.User, c.Host, c.Db, c.Table_name, c.Column_name FROM mysql.columns_priv AS c LEFT JOIN mysql.user AS u ON c.User = u.user AND c.Host = u.Host WHERE u.User IS NULL
		    5 Query	SELECT p.User, p.Host, p.Db, p.Routine_name, p.Routine_type FROM mysql.procs_priv AS p LEFT JOIN mysql.user AS u ON p.User = u.user AND p.Host = u.Host WHERE u.User IS NULL
		    5 Query	SELECT * FROM mysql.user WHERE User='courseUserr' AND Host='%' ORDER BY User, Host
		    5 Query	SELECT * FROM mysql.tables_priv WHERE Host='%' AND User='courseUserr' AND Db='mysql'
		    5 Query	SELECT * FROM mysql.db WHERE User='courseUserr' AND Host='%' ORDER BY Db
150224  2:38:58	    6 Query	SHOW GLOBAL STATUS
150224  2:39:01	    6 Query	SHOW GLOBAL STATUS
150224  2:39:05	    6 Query	SHOW GLOBAL STATUS
150224  2:39:08	    6 Query	SHOW GLOBAL STATUS
150224  2:39:11	    6 Query	SHOW GLOBAL STATUS
150224  2:39:14	    6 Query	SHOW GLOBAL STATUS
150224  2:39:17	    6 Query	SHOW GLOBAL STATUS
150224  2:39:20	    6 Query	SHOW GLOBAL STATUS
150224  2:39:23	    6 Query	SHOW GLOBAL STATUS
150224  2:39:24	    5 Query	RENAME USER 'courseUserr'@'%' TO 'courseUser'@'%'
150224  2:39:25	    5 Query	use mysql
		    5 Query	use mysql
		    5 Query	SELECT * FROM mysql.user WHERE User='courseUser' AND Host='%' ORDER BY User, Host
		    5 Query	SELECT * FROM mysql.tables_priv WHERE Host='%' AND User='courseUser' AND Db='mysql'
		    5 Query	SELECT * FROM mysql.db WHERE User='courseUser' AND Host='%' ORDER BY Db
		    5 Query	SHOW DATABASES
		    5 Query	SELECT User, Host FROM mysql.user ORDER BY User
		    5 Query	SELECT d.User, d.Host, d.Db FROM mysql.db AS d LEFT JOIN mysql.user AS u ON d.User = u.user AND d.Host = u.Host WHERE u.User IS NULL
		    5 Query	SELECT t.User, t.Host, t.Db, t.Table_name FROM mysql.tables_priv AS t LEFT JOIN mysql.user AS u ON t.User = u.user AND t.Host = u.Host WHERE u.User IS NULL
		    5 Query	SELECT c.User, c.Host, c.Db, c.Table_name, c.Column_name FROM mysql.columns_priv AS c LEFT JOIN mysql.user AS u ON c.User = u.user AND c.Host = u.Host WHERE u.User IS NULL
		    5 Query	SELECT p.User, p.Host, p.Db, p.Routine_name, p.Routine_type FROM mysql.procs_priv AS p LEFT JOIN mysql.user AS u ON p.User = u.user AND p.Host = u.Host WHERE u.User IS NULL
		    5 Query	SELECT * FROM mysql.user WHERE User='courseUser' AND Host='%' ORDER BY User, Host
		    5 Query	SELECT * FROM mysql.tables_priv WHERE Host='%' AND User='courseUser' AND Db='mysql'
		    5 Query	SELECT * FROM mysql.db WHERE User='courseUser' AND Host='%' ORDER BY Db
150224  2:39:26	    6 Query	SHOW GLOBAL STATUS
150224  2:39:29	    6 Query	SHOW GLOBAL STATUS
150224  2:39:32	    6 Query	SHOW GLOBAL STATUS
150224  2:39:35	    6 Query	SHOW GLOBAL STATUS
150224  2:39:36	   13 Connect	courseUser@localhost on sampdb
		   13 Query	SELECT last_name, first_name, suffix, email, street, city, state, zip, phone FROM member ORDER BY last_name
150224  2:39:37	   13 Quit	
150224  2:39:38	    6 Query	SHOW GLOBAL STATUS
150224  2:39:41	    6 Query	SHOW GLOBAL STATUS
150224  2:39:44	    6 Query	SHOW GLOBAL STATUS
150224  2:39:47	    6 Query	SHOW GLOBAL STATUS
150224  2:39:50	    6 Query	SHOW GLOBAL STATUS
150224  2:39:53	    6 Query	SHOW GLOBAL STATUS
150224  2:39:56	    6 Query	SHOW GLOBAL STATUS
150224  2:39:59	    6 Query	SHOW GLOBAL STATUS
150224  2:40:02	    6 Query	SHOW GLOBAL STATUS
150224  2:40:05	    6 Query	SHOW GLOBAL STATUS
150224  2:40:06	   14 Connect	courseUser@localhost on sampdb
		   14 Query	SELECT last_name, first_name, suffix, email, street, city, state, zip, phone FROM member ORDER BY last_name
		   14 Quit	
150224  2:40:08	    6 Query	SHOW GLOBAL STATUS
150224  2:40:11	    6 Query	SHOW GLOBAL STATUS
150224  2:40:14	    6 Query	SHOW GLOBAL STATUS
150224  2:40:17	    6 Query	SHOW GLOBAL STATUS
150224  2:40:20	    6 Query	SHOW GLOBAL STATUS
150224  2:40:23	    6 Query	SHOW GLOBAL STATUS
150224  2:40:26	    6 Query	SHOW GLOBAL STATUS
150224  2:40:29	    6 Query	SHOW GLOBAL STATUS
150224  2:40:32	    6 Query	SHOW GLOBAL STATUS
150224  2:40:35	    6 Query	SHOW GLOBAL STATUS
150224  2:40:38	    6 Query	SHOW GLOBAL STATUS
150224  2:40:41	    6 Query	SHOW GLOBAL STATUS
150224  2:40:44	    6 Query	SHOW GLOBAL STATUS
150224  2:40:47	    6 Query	SHOW GLOBAL STATUS
150224  2:40:50	    6 Query	SHOW GLOBAL STATUS
150224  2:40:53	    6 Query	SHOW GLOBAL STATUS
150224  2:40:56	    6 Query	SHOW GLOBAL STATUS
150224  2:40:59	    6 Query	SHOW GLOBAL STATUS
150224  2:41:02	    6 Query	SHOW GLOBAL STATUS
150224  2:41:05	    6 Query	SHOW GLOBAL STATUS
150224  2:41:08	    6 Query	SHOW GLOBAL STATUS
150224  2:41:11	    6 Query	SHOW GLOBAL STATUS
150224  2:41:14	    6 Query	SHOW GLOBAL STATUS
150224  2:41:17	    6 Query	SHOW GLOBAL STATUS
150224  2:41:20	    6 Query	SHOW GLOBAL STATUS
150224  2:41:23	    6 Query	SHOW GLOBAL STATUS
150224  2:41:26	    6 Query	SHOW GLOBAL STATUS
150224  2:41:29	    6 Query	SHOW GLOBAL STATUS
150224  2:41:32	    6 Query	SHOW GLOBAL STATUS
150224  2:41:36	    6 Query	SHOW GLOBAL STATUS
150224  2:41:39	    6 Query	SHOW GLOBAL STATUS
150224  2:41:42	    6 Query	SHOW GLOBAL STATUS
150224  2:41:45	    6 Query	SHOW GLOBAL STATUS
150224  2:41:48	    6 Query	SHOW GLOBAL STATUS
150224  2:41:51	    6 Query	SHOW GLOBAL STATUS
150224  2:41:54	    6 Query	SHOW GLOBAL STATUS
150224  2:41:57	    6 Query	SHOW GLOBAL STATUS
150224  2:42:00	    6 Query	SHOW GLOBAL STATUS
150224  2:42:03	    6 Query	SHOW GLOBAL STATUS
150224  2:42:06	    6 Query	SHOW GLOBAL STATUS
150224  2:42:09	    6 Query	SHOW GLOBAL STATUS
150224  2:42:12	    6 Query	SHOW GLOBAL STATUS
150224  2:42:15	    6 Query	SHOW GLOBAL STATUS
150224  2:42:18	    6 Query	SHOW GLOBAL STATUS
150224  2:42:21	    6 Query	SHOW GLOBAL STATUS
150224  2:42:24	    6 Query	SHOW GLOBAL STATUS
150224  2:42:27	    6 Query	SHOW GLOBAL STATUS
150224  2:42:30	    6 Query	SHOW GLOBAL STATUS
150224  2:42:33	    6 Query	SHOW GLOBAL STATUS
150224  2:42:36	    6 Query	SHOW GLOBAL STATUS
150224  2:42:39	    6 Query	SHOW GLOBAL STATUS
150224  2:42:42	    6 Query	SHOW GLOBAL STATUS
150224  2:42:45	    6 Query	SHOW GLOBAL STATUS
150224  2:42:48	    6 Query	SHOW GLOBAL STATUS
150224  2:42:51	    6 Query	SHOW GLOBAL STATUS
150224  2:42:54	    6 Query	SHOW GLOBAL STATUS
150224  2:42:57	    6 Query	SHOW GLOBAL STATUS
150224  2:43:00	    6 Query	SHOW GLOBAL STATUS
150224  2:43:03	    6 Query	SHOW GLOBAL STATUS
150224  2:43:06	    6 Query	SHOW GLOBAL STATUS
150224  2:43:09	    6 Query	SHOW GLOBAL STATUS
150224  2:43:12	    6 Query	SHOW GLOBAL STATUS
150224  2:43:15	    6 Query	SHOW GLOBAL STATUS
150224  2:43:18	    6 Query	SHOW GLOBAL STATUS
150224  2:43:21	    6 Query	SHOW GLOBAL STATUS
150224  2:43:24	    6 Query	SHOW GLOBAL STATUS
150224  2:43:27	    6 Query	SHOW GLOBAL STATUS
150224  2:43:30	    6 Query	SHOW GLOBAL STATUS
150224  2:43:33	    6 Query	SHOW GLOBAL STATUS
150224  2:43:36	    6 Query	SHOW GLOBAL STATUS
150224  2:43:39	    6 Query	SHOW GLOBAL STATUS
150224  2:43:42	    6 Query	SHOW GLOBAL STATUS
150224  2:43:45	    6 Query	SHOW GLOBAL STATUS
150224  2:43:48	    6 Query	SHOW GLOBAL STATUS
150224  2:43:51	    6 Query	SHOW GLOBAL STATUS
150224  2:43:54	    6 Query	SHOW GLOBAL STATUS
150224  2:43:57	    6 Query	SHOW GLOBAL STATUS
150224  2:44:00	    6 Query	SHOW GLOBAL STATUS
150224  2:44:04	    6 Query	SHOW GLOBAL STATUS
150224  2:44:07	    6 Query	SHOW GLOBAL STATUS
150224  2:44:10	    6 Query	SHOW GLOBAL STATUS
150224  2:44:13	    6 Query	SHOW GLOBAL STATUS
150224  2:44:16	    6 Query	SHOW GLOBAL STATUS
150224  2:44:19	    6 Query	SHOW GLOBAL STATUS
150224  2:44:22	    6 Query	SHOW GLOBAL STATUS
150224  2:44:25	    6 Query	SHOW GLOBAL STATUS
150224  2:44:28	    6 Query	SHOW GLOBAL STATUS
150224  2:44:31	    6 Query	SHOW GLOBAL STATUS
150224  2:44:34	    6 Query	SHOW GLOBAL STATUS
150224  2:44:37	    6 Query	SHOW GLOBAL STATUS
150224  2:44:40	    6 Query	SHOW GLOBAL STATUS
150224  2:44:43	    6 Query	SHOW GLOBAL STATUS
150224  2:44:46	    6 Query	SHOW GLOBAL STATUS
150224  2:44:49	    6 Query	SHOW GLOBAL STATUS
150224  2:44:52	    6 Query	SHOW GLOBAL STATUS
150224  2:44:55	    6 Query	SHOW GLOBAL STATUS
150224  2:44:58	    6 Query	SHOW GLOBAL STATUS
150224  2:45:01	    6 Query	SHOW GLOBAL STATUS
150224  2:45:04	    6 Query	SHOW GLOBAL STATUS
150224  2:45:07	    6 Query	SHOW GLOBAL STATUS
150224  2:45:10	    6 Query	SHOW GLOBAL STATUS
150224  2:45:13	    6 Query	SHOW GLOBAL STATUS
150224  2:45:16	    6 Query	SHOW GLOBAL STATUS
150224  2:45:19	    6 Query	SHOW GLOBAL STATUS
150224  2:45:22	    6 Query	SHOW GLOBAL STATUS
150224  2:45:25	    6 Query	SHOW GLOBAL STATUS
150224  2:45:28	    6 Query	SHOW GLOBAL STATUS
150224  2:45:31	    6 Query	SHOW GLOBAL STATUS
150224  2:45:34	    6 Query	SHOW GLOBAL STATUS
150224  2:45:37	    6 Query	SHOW GLOBAL STATUS
150224  2:45:40	    6 Query	SHOW GLOBAL STATUS
150224  2:45:43	    6 Query	SHOW GLOBAL STATUS
150224  2:45:46	    6 Query	SHOW GLOBAL STATUS
150224  2:45:49	    6 Query	SHOW GLOBAL STATUS
150224  2:45:52	    6 Query	SHOW GLOBAL STATUS
150224  2:45:55	    6 Query	SHOW GLOBAL STATUS
150224  2:45:58	    6 Query	SHOW GLOBAL STATUS
150224  2:46:01	    6 Query	SHOW GLOBAL STATUS
150224  2:46:04	    6 Query	SHOW GLOBAL STATUS
150224  2:46:07	    6 Query	SHOW GLOBAL STATUS
150224  2:46:10	    6 Query	SHOW GLOBAL STATUS
150224  2:46:13	    6 Query	SHOW GLOBAL STATUS
150224  2:46:16	    6 Query	SHOW GLOBAL STATUS
150224  2:46:19	    6 Query	SHOW GLOBAL STATUS
150224  2:46:22	    6 Query	SHOW GLOBAL STATUS
150224  2:46:25	    6 Query	SHOW GLOBAL STATUS
150224  2:46:28	    6 Query	SHOW GLOBAL STATUS
150224  2:46:31	    6 Query	SHOW GLOBAL STATUS
150224  2:46:34	    6 Query	SHOW GLOBAL STATUS
150224  2:46:37	    6 Query	SHOW GLOBAL STATUS
150224  2:46:41	    6 Query	SHOW GLOBAL STATUS
150224  2:46:44	    6 Query	SHOW GLOBAL STATUS
150224  2:46:47	    6 Query	SHOW GLOBAL STATUS
150224  2:46:50	    6 Query	SHOW GLOBAL STATUS
150224  2:46:53	    6 Query	SHOW GLOBAL STATUS
150224  2:46:56	    6 Query	SHOW GLOBAL STATUS
150224  2:46:59	    6 Query	SHOW GLOBAL STATUS
150224  2:47:02	    6 Query	SHOW GLOBAL STATUS
150224  2:47:05	    6 Query	SHOW GLOBAL STATUS
