02-05-2018 16:35 +00:00: SyntaxError: Unexpected end of JSON input
    at JSON.parse (<anonymous>)
    at UserSession.ReadFromFile (/home/gonzales1609/IRENA/SLTview/NodeClasses/UserSession.js:52:33)
    at new UserSession (/home/gonzales1609/IRENA/SLTview/NodeClasses/UserSession.js:13:14)
    at Object.<anonymous> (/home/gonzales1609/IRENA/SLTview/routes/index.js:50:20)
    at Module._compile (module.js:641:30)
    at Object.Module._extensions..js (module.js:652:10)
    at Module.load (module.js:560:32)
    at tryModuleLoad (module.js:503:12)
    at Function.Module._load (module.js:495:3)
    at Module.require (module.js:585:17)
02-05-2018 16:35 +00:00: SyntaxError: Unexpected end of JSON input
    at JSON.parse (<anonymous>)
    at UserSession.ReadFromFile (/home/gonzales1609/IRENA/SLTview/NodeClasses/UserSession.js:52:33)
    at new UserSession (/home/gonzales1609/IRENA/SLTview/NodeClasses/UserSession.js:13:14)
    at Object.<anonymous> (/home/gonzales1609/IRENA/SLTview/routes/index.js:50:20)
    at Module._compile (module.js:641:30)
    at Object.Module._extensions..js (module.js:652:10)
    at Module.load (module.js:560:32)
    at tryModuleLoad (module.js:503:12)
    at Function.Module._load (module.js:495:3)
    at Module.require (module.js:585:17)
02-05-2018 16:35 +00:00: SyntaxError: Unexpected end of JSON input
    at JSON.parse (<anonymous>)
    at UserSession.ReadFromFile (/home/gonzales1609/IRENA/SLTview/NodeClasses/UserSession.js:52:33)
    at new UserSession (/home/gonzales1609/IRENA/SLTview/NodeClasses/UserSession.js:13:14)
    at Object.<anonymous> (/home/gonzales1609/IRENA/SLTview/routes/index.js:50:20)
    at Module._compile (module.js:641:30)
    at Object.Module._extensions..js (module.js:652:10)
    at Module.load (module.js:560:32)
    at tryModuleLoad (module.js:503:12)
    at Function.Module._load (module.js:495:3)
    at Module.require (module.js:585:17)
02-05-2018 16:35 +00:00: SyntaxError: Unexpected end of JSON input
    at JSON.parse (<anonymous>)
    at UserSession.ReadFromFile (/home/gonzales1609/IRENA/SLTview/NodeClasses/UserSession.js:52:33)
    at new UserSession (/home/gonzales1609/IRENA/SLTview/NodeClasses/UserSession.js:13:14)
    at Object.<anonymous> (/home/gonzales1609/IRENA/SLTview/routes/index.js:50:20)
    at Module._compile (module.js:641:30)
    at Object.Module._extensions..js (module.js:652:10)
    at Module.load (module.js:560:32)
    at tryModuleLoad (module.js:503:12)
    at Function.Module._load (module.js:495:3)
    at Module.require (module.js:585:17)
02-05-2018 16:35 +00:00: SyntaxError: Unexpected end of JSON input
    at JSON.parse (<anonymous>)
    at UserSession.ReadFromFile (/home/gonzales1609/IRENA/SLTview/NodeClasses/UserSession.js:52:33)
    at new UserSession (/home/gonzales1609/IRENA/SLTview/NodeClasses/UserSession.js:13:14)
    at Object.<anonymous> (/home/gonzales1609/IRENA/SLTview/routes/index.js:50:20)
    at Module._compile (module.js:641:30)
    at Object.Module._extensions..js (module.js:652:10)
    at Module.load (module.js:560:32)
    at tryModuleLoad (module.js:503:12)
    at Function.Module._load (module.js:495:3)
    at Module.require (module.js:585:17)
02-05-2018 16:35 +00:00: SyntaxError: Unexpected end of JSON input
    at JSON.parse (<anonymous>)
    at UserSession.ReadFromFile (/home/gonzales1609/IRENA/SLTview/NodeClasses/UserSession.js:52:33)
    at new UserSession (/home/gonzales1609/IRENA/SLTview/NodeClasses/UserSession.js:13:14)
    at Object.<anonymous> (/home/gonzales1609/IRENA/SLTview/routes/index.js:50:20)
    at Module._compile (module.js:641:30)
    at Object.Module._extensions..js (module.js:652:10)
    at Module.load (module.js:560:32)
    at tryModuleLoad (module.js:503:12)
    at Function.Module._load (module.js:495:3)
    at Module.require (module.js:585:17)
02-05-2018 16:35 +00:00: SyntaxError: Unexpected end of JSON input
    at JSON.parse (<anonymous>)
    at UserSession.ReadFromFile (/home/gonzales1609/IRENA/SLTview/NodeClasses/UserSession.js:52:33)
    at new UserSession (/home/gonzales1609/IRENA/SLTview/NodeClasses/UserSession.js:13:14)
    at Object.<anonymous> (/home/gonzales1609/IRENA/SLTview/routes/index.js:50:20)
    at Module._compile (module.js:641:30)
    at Object.Module._extensions..js (module.js:652:10)
    at Module.load (module.js:560:32)
    at tryModuleLoad (module.js:503:12)
    at Function.Module._load (module.js:495:3)
    at Module.require (module.js:585:17)
02-05-2018 16:35 +00:00: SyntaxError: Unexpected end of JSON input
    at JSON.parse (<anonymous>)
    at UserSession.ReadFromFile (/home/gonzales1609/IRENA/SLTview/NodeClasses/UserSession.js:52:33)
    at new UserSession (/home/gonzales1609/IRENA/SLTview/NodeClasses/UserSession.js:13:14)
    at Object.<anonymous> (/home/gonzales1609/IRENA/SLTview/routes/index.js:50:20)
    at Module._compile (module.js:641:30)
    at Object.Module._extensions..js (module.js:652:10)
    at Module.load (module.js:560:32)
    at tryModuleLoad (module.js:503:12)
    at Function.Module._load (module.js:495:3)
    at Module.require (module.js:585:17)
02-05-2018 16:35 +00:00: SyntaxError: Unexpected end of JSON input
    at JSON.parse (<anonymous>)
    at UserSession.ReadFromFile (/home/gonzales1609/IRENA/SLTview/NodeClasses/UserSession.js:52:33)
    at new UserSession (/home/gonzales1609/IRENA/SLTview/NodeClasses/UserSession.js:13:14)
    at Object.<anonymous> (/home/gonzales1609/IRENA/SLTview/routes/index.js:50:20)
    at Module._compile (module.js:641:30)
    at Object.Module._extensions..js (module.js:652:10)
    at Module.load (module.js:560:32)
    at tryModuleLoad (module.js:503:12)
    at Function.Module._load (module.js:495:3)
    at Module.require (module.js:585:17)
02-05-2018 16:35 +00:00: SyntaxError: Unexpected end of JSON input
    at JSON.parse (<anonymous>)
    at UserSession.ReadFromFile (/home/gonzales1609/IRENA/SLTview/NodeClasses/UserSession.js:52:33)
    at new UserSession (/home/gonzales1609/IRENA/SLTview/NodeClasses/UserSession.js:13:14)
    at Object.<anonymous> (/home/gonzales1609/IRENA/SLTview/routes/index.js:50:20)
    at Module._compile (module.js:641:30)
    at Object.Module._extensions..js (module.js:652:10)
    at Module.load (module.js:560:32)
    at tryModuleLoad (module.js:503:12)
    at Function.Module._load (module.js:495:3)
    at Module.require (module.js:585:17)
02-05-2018 16:35 +00:00: SyntaxError: Unexpected end of JSON input
    at JSON.parse (<anonymous>)
    at UserSession.ReadFromFile (/home/gonzales1609/IRENA/SLTview/NodeClasses/UserSession.js:52:33)
    at new UserSession (/home/gonzales1609/IRENA/SLTview/NodeClasses/UserSession.js:13:14)
    at Object.<anonymous> (/home/gonzales1609/IRENA/SLTview/routes/index.js:50:20)
    at Module._compile (module.js:641:30)
    at Object.Module._extensions..js (module.js:652:10)
    at Module.load (module.js:560:32)
    at tryModuleLoad (module.js:503:12)
    at Function.Module._load (module.js:495:3)
    at Module.require (module.js:585:17)
02-05-2018 16:35 +00:00: SyntaxError: Unexpected end of JSON input
    at JSON.parse (<anonymous>)
    at UserSession.ReadFromFile (/home/gonzales1609/IRENA/SLTview/NodeClasses/UserSession.js:52:33)
    at new UserSession (/home/gonzales1609/IRENA/SLTview/NodeClasses/UserSession.js:13:14)
    at Object.<anonymous> (/home/gonzales1609/IRENA/SLTview/routes/index.js:50:20)
    at Module._compile (module.js:641:30)
    at Object.Module._extensions..js (module.js:652:10)
    at Module.load (module.js:560:32)
    at tryModuleLoad (module.js:503:12)
    at Function.Module._load (module.js:495:3)
    at Module.require (module.js:585:17)
02-05-2018 16:35 +00:00: SyntaxError: Unexpected end of JSON input
    at JSON.parse (<anonymous>)
    at UserSession.ReadFromFile (/home/gonzales1609/IRENA/SLTview/NodeClasses/UserSession.js:52:33)
    at new UserSession (/home/gonzales1609/IRENA/SLTview/NodeClasses/UserSession.js:13:14)
    at Object.<anonymous> (/home/gonzales1609/IRENA/SLTview/routes/index.js:50:20)
    at Module._compile (module.js:641:30)
    at Object.Module._extensions..js (module.js:652:10)
    at Module.load (module.js:560:32)
    at tryModuleLoad (module.js:503:12)
    at Function.Module._load (module.js:495:3)
    at Module.require (module.js:585:17)
02-05-2018 16:35 +00:00: SyntaxError: Unexpected end of JSON input
    at JSON.parse (<anonymous>)
    at UserSession.ReadFromFile (/home/gonzales1609/IRENA/SLTview/NodeClasses/UserSession.js:52:33)
    at new UserSession (/home/gonzales1609/IRENA/SLTview/NodeClasses/UserSession.js:13:14)
    at Object.<anonymous> (/home/gonzales1609/IRENA/SLTview/routes/index.js:50:20)
    at Module._compile (module.js:641:30)
    at Object.Module._extensions..js (module.js:652:10)
    at Module.load (module.js:560:32)
    at tryModuleLoad (module.js:503:12)
    at Function.Module._load (module.js:495:3)
    at Module.require (module.js:585:17)
02-05-2018 16:35 +00:00: SyntaxError: Unexpected end of JSON input
    at JSON.parse (<anonymous>)
    at UserSession.ReadFromFile (/home/gonzales1609/IRENA/SLTview/NodeClasses/UserSession.js:52:33)
    at new UserSession (/home/gonzales1609/IRENA/SLTview/NodeClasses/UserSession.js:13:14)
    at Object.<anonymous> (/home/gonzales1609/IRENA/SLTview/routes/index.js:50:20)
    at Module._compile (module.js:641:30)
    at Object.Module._extensions..js (module.js:652:10)
    at Module.load (module.js:560:32)
    at tryModuleLoad (module.js:503:12)
    at Function.Module._load (module.js:495:3)
    at Module.require (module.js:585:17)
02-05-2018 16:35 +00:00: SyntaxError: Unexpected end of JSON input
    at JSON.parse (<anonymous>)
    at UserSession.ReadFromFile (/home/gonzales1609/IRENA/SLTview/NodeClasses/UserSession.js:52:33)
    at new UserSession (/home/gonzales1609/IRENA/SLTview/NodeClasses/UserSession.js:13:14)
    at Object.<anonymous> (/home/gonzales1609/IRENA/SLTview/routes/index.js:50:20)
    at Module._compile (module.js:641:30)
    at Object.Module._extensions..js (module.js:652:10)
    at Module.load (module.js:560:32)
    at tryModuleLoad (module.js:503:12)
    at Function.Module._load (module.js:495:3)
    at Module.require (module.js:585:17)
02-05-2018 16:39 +00:00: SyntaxError: Unexpected end of JSON input
    at JSON.parse (<anonymous>)
    at UserSession.ReadFromFile (/home/gonzales1609/IRENA/SLTview/NodeClasses/UserSession.js:52:33)
    at new UserSession (/home/gonzales1609/IRENA/SLTview/NodeClasses/UserSession.js:13:14)
    at Object.<anonymous> (/home/gonzales1609/IRENA/SLTview/routes/index.js:50:20)
    at Module._compile (module.js:641:30)
    at Object.Module._extensions..js (module.js:652:10)
    at Module.load (module.js:560:32)
    at tryModuleLoad (module.js:503:12)
    at Function.Module._load (module.js:495:3)
    at Module.require (module.js:585:17)
02-05-2018 16:39 +00:00: SyntaxError: Unexpected end of JSON input
    at JSON.parse (<anonymous>)
    at UserSession.ReadFromFile (/home/gonzales1609/IRENA/SLTview/NodeClasses/UserSession.js:52:33)
    at new UserSession (/home/gonzales1609/IRENA/SLTview/NodeClasses/UserSession.js:13:14)
    at Object.<anonymous> (/home/gonzales1609/IRENA/SLTview/routes/index.js:50:20)
    at Module._compile (module.js:641:30)
    at Object.Module._extensions..js (module.js:652:10)
    at Module.load (module.js:560:32)
    at tryModuleLoad (module.js:503:12)
    at Function.Module._load (module.js:495:3)
    at Module.require (module.js:585:17)
02-05-2018 16:39 +00:00: SyntaxError: Unexpected end of JSON input
    at JSON.parse (<anonymous>)
    at UserSession.ReadFromFile (/home/gonzales1609/IRENA/SLTview/NodeClasses/UserSession.js:52:33)
    at new UserSession (/home/gonzales1609/IRENA/SLTview/NodeClasses/UserSession.js:13:14)
    at Object.<anonymous> (/home/gonzales1609/IRENA/SLTview/routes/index.js:50:20)
    at Module._compile (module.js:641:30)
    at Object.Module._extensions..js (module.js:652:10)
    at Module.load (module.js:560:32)
    at tryModuleLoad (module.js:503:12)
    at Function.Module._load (module.js:495:3)
    at Module.require (module.js:585:17)
02-05-2018 16:39 +00:00: SyntaxError: Unexpected end of JSON input
    at JSON.parse (<anonymous>)
    at UserSession.ReadFromFile (/home/gonzales1609/IRENA/SLTview/NodeClasses/UserSession.js:52:33)
    at new UserSession (/home/gonzales1609/IRENA/SLTview/NodeClasses/UserSession.js:13:14)
    at Object.<anonymous> (/home/gonzales1609/IRENA/SLTview/routes/index.js:50:20)
    at Module._compile (module.js:641:30)
    at Object.Module._extensions..js (module.js:652:10)
    at Module.load (module.js:560:32)
    at tryModuleLoad (module.js:503:12)
    at Function.Module._load (module.js:495:3)
    at Module.require (module.js:585:17)
02-05-2018 16:39 +00:00: SyntaxError: Unexpected end of JSON input
    at JSON.parse (<anonymous>)
    at UserSession.ReadFromFile (/home/gonzales1609/IRENA/SLTview/NodeClasses/UserSession.js:52:33)
    at new UserSession (/home/gonzales1609/IRENA/SLTview/NodeClasses/UserSession.js:13:14)
    at Object.<anonymous> (/home/gonzales1609/IRENA/SLTview/routes/index.js:50:20)
    at Module._compile (module.js:641:30)
    at Object.Module._extensions..js (module.js:652:10)
    at Module.load (module.js:560:32)
    at tryModuleLoad (module.js:503:12)
    at Function.Module._load (module.js:495:3)
    at Module.require (module.js:585:17)
02-05-2018 16:39 +00:00: SyntaxError: Unexpected end of JSON input
    at JSON.parse (<anonymous>)
    at UserSession.ReadFromFile (/home/gonzales1609/IRENA/SLTview/NodeClasses/UserSession.js:52:33)
    at new UserSession (/home/gonzales1609/IRENA/SLTview/NodeClasses/UserSession.js:13:14)
    at Object.<anonymous> (/home/gonzales1609/IRENA/SLTview/routes/index.js:50:20)
    at Module._compile (module.js:641:30)
    at Object.Module._extensions..js (module.js:652:10)
    at Module.load (module.js:560:32)
    at tryModuleLoad (module.js:503:12)
    at Function.Module._load (module.js:495:3)
    at Module.require (module.js:585:17)
02-05-2018 16:39 +00:00: SyntaxError: Unexpected end of JSON input
    at JSON.parse (<anonymous>)
    at UserSession.ReadFromFile (/home/gonzales1609/IRENA/SLTview/NodeClasses/UserSession.js:52:33)
    at new UserSession (/home/gonzales1609/IRENA/SLTview/NodeClasses/UserSession.js:13:14)
    at Object.<anonymous> (/home/gonzales1609/IRENA/SLTview/routes/index.js:50:20)
    at Module._compile (module.js:641:30)
    at Object.Module._extensions..js (module.js:652:10)
    at Module.load (module.js:560:32)
    at tryModuleLoad (module.js:503:12)
    at Function.Module._load (module.js:495:3)
    at Module.require (module.js:585:17)
02-05-2018 16:39 +00:00: SyntaxError: Unexpected end of JSON input
    at JSON.parse (<anonymous>)
    at UserSession.ReadFromFile (/home/gonzales1609/IRENA/SLTview/NodeClasses/UserSession.js:52:33)
    at new UserSession (/home/gonzales1609/IRENA/SLTview/NodeClasses/UserSession.js:13:14)
    at Object.<anonymous> (/home/gonzales1609/IRENA/SLTview/routes/index.js:50:20)
    at Module._compile (module.js:641:30)
    at Object.Module._extensions..js (module.js:652:10)
    at Module.load (module.js:560:32)
    at tryModuleLoad (module.js:503:12)
    at Function.Module._load (module.js:495:3)
    at Module.require (module.js:585:17)
02-05-2018 16:39 +00:00: SyntaxError: Unexpected end of JSON input
    at JSON.parse (<anonymous>)
    at UserSession.ReadFromFile (/home/gonzales1609/IRENA/SLTview/NodeClasses/UserSession.js:52:33)
    at new UserSession (/home/gonzales1609/IRENA/SLTview/NodeClasses/UserSession.js:13:14)
    at Object.<anonymous> (/home/gonzales1609/IRENA/SLTview/routes/index.js:50:20)
    at Module._compile (module.js:641:30)
    at Object.Module._extensions..js (module.js:652:10)
    at Module.load (module.js:560:32)
    at tryModuleLoad (module.js:503:12)
    at Function.Module._load (module.js:495:3)
    at Module.require (module.js:585:17)
02-05-2018 16:39 +00:00: SyntaxError: Unexpected end of JSON input
    at JSON.parse (<anonymous>)
    at UserSession.ReadFromFile (/home/gonzales1609/IRENA/SLTview/NodeClasses/UserSession.js:52:33)
    at new UserSession (/home/gonzales1609/IRENA/SLTview/NodeClasses/UserSession.js:13:14)
    at Object.<anonymous> (/home/gonzales1609/IRENA/SLTview/routes/index.js:50:20)
    at Module._compile (module.js:641:30)
    at Object.Module._extensions..js (module.js:652:10)
    at Module.load (module.js:560:32)
    at tryModuleLoad (module.js:503:12)
    at Function.Module._load (module.js:495:3)
    at Module.require (module.js:585:17)
02-05-2018 16:39 +00:00: SyntaxError: Unexpected end of JSON input
    at JSON.parse (<anonymous>)
    at UserSession.ReadFromFile (/home/gonzales1609/IRENA/SLTview/NodeClasses/UserSession.js:52:33)
    at new UserSession (/home/gonzales1609/IRENA/SLTview/NodeClasses/UserSession.js:13:14)
    at Object.<anonymous> (/home/gonzales1609/IRENA/SLTview/routes/index.js:50:20)
    at Module._compile (module.js:641:30)
    at Object.Module._extensions..js (module.js:652:10)
    at Module.load (module.js:560:32)
    at tryModuleLoad (module.js:503:12)
    at Function.Module._load (module.js:495:3)
    at Module.require (module.js:585:17)
02-05-2018 16:39 +00:00: SyntaxError: Unexpected end of JSON input
    at JSON.parse (<anonymous>)
    at UserSession.ReadFromFile (/home/gonzales1609/IRENA/SLTview/NodeClasses/UserSession.js:52:33)
    at new UserSession (/home/gonzales1609/IRENA/SLTview/NodeClasses/UserSession.js:13:14)
    at Object.<anonymous> (/home/gonzales1609/IRENA/SLTview/routes/index.js:50:20)
    at Module._compile (module.js:641:30)
    at Object.Module._extensions..js (module.js:652:10)
    at Module.load (module.js:560:32)
    at tryModuleLoad (module.js:503:12)
    at Function.Module._load (module.js:495:3)
    at Module.require (module.js:585:17)
02-05-2018 16:39 +00:00: SyntaxError: Unexpected end of JSON input
    at JSON.parse (<anonymous>)
    at UserSession.ReadFromFile (/home/gonzales1609/IRENA/SLTview/NodeClasses/UserSession.js:52:33)
    at new UserSession (/home/gonzales1609/IRENA/SLTview/NodeClasses/UserSession.js:13:14)
    at Object.<anonymous> (/home/gonzales1609/IRENA/SLTview/routes/index.js:50:20)
    at Module._compile (module.js:641:30)
    at Object.Module._extensions..js (module.js:652:10)
    at Module.load (module.js:560:32)
    at tryModuleLoad (module.js:503:12)
    at Function.Module._load (module.js:495:3)
    at Module.require (module.js:585:17)
02-05-2018 16:39 +00:00: SyntaxError: Unexpected end of JSON input
    at JSON.parse (<anonymous>)
    at UserSession.ReadFromFile (/home/gonzales1609/IRENA/SLTview/NodeClasses/UserSession.js:52:33)
    at new UserSession (/home/gonzales1609/IRENA/SLTview/NodeClasses/UserSession.js:13:14)
    at Object.<anonymous> (/home/gonzales1609/IRENA/SLTview/routes/index.js:50:20)
    at Module._compile (module.js:641:30)
    at Object.Module._extensions..js (module.js:652:10)
    at Module.load (module.js:560:32)
    at tryModuleLoad (module.js:503:12)
    at Function.Module._load (module.js:495:3)
    at Module.require (module.js:585:17)
02-05-2018 16:39 +00:00: SyntaxError: Unexpected end of JSON input
    at JSON.parse (<anonymous>)
    at UserSession.ReadFromFile (/home/gonzales1609/IRENA/SLTview/NodeClasses/UserSession.js:52:33)
    at new UserSession (/home/gonzales1609/IRENA/SLTview/NodeClasses/UserSession.js:13:14)
    at Object.<anonymous> (/home/gonzales1609/IRENA/SLTview/routes/index.js:50:20)
    at Module._compile (module.js:641:30)
    at Object.Module._extensions..js (module.js:652:10)
    at Module.load (module.js:560:32)
    at tryModuleLoad (module.js:503:12)
    at Function.Module._load (module.js:495:3)
    at Module.require (module.js:585:17)
02-05-2018 16:39 +00:00: SyntaxError: Unexpected end of JSON input
    at JSON.parse (<anonymous>)
    at UserSession.ReadFromFile (/home/gonzales1609/IRENA/SLTview/NodeClasses/UserSession.js:52:33)
    at new UserSession (/home/gonzales1609/IRENA/SLTview/NodeClasses/UserSession.js:13:14)
    at Object.<anonymous> (/home/gonzales1609/IRENA/SLTview/routes/index.js:50:20)
    at Module._compile (module.js:641:30)
    at Object.Module._extensions..js (module.js:652:10)
    at Module.load (module.js:560:32)
    at tryModuleLoad (module.js:503:12)
    at Function.Module._load (module.js:495:3)
    at Module.require (module.js:585:17)
02-05-2018 16:45 +00:00: SyntaxError: Unexpected end of JSON input
    at JSON.parse (<anonymous>)
    at UserSession.ReadFromFile (/home/gonzales1609/IRENA/SLTview/NodeClasses/UserSession.js:52:33)
    at new UserSession (/home/gonzales1609/IRENA/SLTview/NodeClasses/UserSession.js:13:14)
    at Object.<anonymous> (/home/gonzales1609/IRENA/SLTview/routes/index.js:50:20)
    at Module._compile (module.js:641:30)
    at Object.Module._extensions..js (module.js:652:10)
    at Module.load (module.js:560:32)
    at tryModuleLoad (module.js:503:12)
    at Function.Module._load (module.js:495:3)
    at Module.require (module.js:585:17)
02-05-2018 16:45 +00:00: SyntaxError: Unexpected end of JSON input
    at JSON.parse (<anonymous>)
    at UserSession.ReadFromFile (/home/gonzales1609/IRENA/SLTview/NodeClasses/UserSession.js:52:33)
    at new UserSession (/home/gonzales1609/IRENA/SLTview/NodeClasses/UserSession.js:13:14)
    at Object.<anonymous> (/home/gonzales1609/IRENA/SLTview/routes/index.js:50:20)
    at Module._compile (module.js:641:30)
    at Object.Module._extensions..js (module.js:652:10)
    at Module.load (module.js:560:32)
    at tryModuleLoad (module.js:503:12)
    at Function.Module._load (module.js:495:3)
    at Module.require (module.js:585:17)
02-05-2018 16:45 +00:00: SyntaxError: Unexpected end of JSON input
    at JSON.parse (<anonymous>)
    at UserSession.ReadFromFile (/home/gonzales1609/IRENA/SLTview/NodeClasses/UserSession.js:52:33)
    at new UserSession (/home/gonzales1609/IRENA/SLTview/NodeClasses/UserSession.js:13:14)
    at Object.<anonymous> (/home/gonzales1609/IRENA/SLTview/routes/index.js:50:20)
    at Module._compile (module.js:641:30)
    at Object.Module._extensions..js (module.js:652:10)
    at Module.load (module.js:560:32)
    at tryModuleLoad (module.js:503:12)
    at Function.Module._load (module.js:495:3)
    at Module.require (module.js:585:17)
02-05-2018 16:45 +00:00: SyntaxError: Unexpected end of JSON input
    at JSON.parse (<anonymous>)
    at UserSession.ReadFromFile (/home/gonzales1609/IRENA/SLTview/NodeClasses/UserSession.js:52:33)
    at new UserSession (/home/gonzales1609/IRENA/SLTview/NodeClasses/UserSession.js:13:14)
    at Object.<anonymous> (/home/gonzales1609/IRENA/SLTview/routes/index.js:50:20)
    at Module._compile (module.js:641:30)
    at Object.Module._extensions..js (module.js:652:10)
    at Module.load (module.js:560:32)
    at tryModuleLoad (module.js:503:12)
    at Function.Module._load (module.js:495:3)
    at Module.require (module.js:585:17)
02-05-2018 16:45 +00:00: SyntaxError: Unexpected end of JSON input
    at JSON.parse (<anonymous>)
    at UserSession.ReadFromFile (/home/gonzales1609/IRENA/SLTview/NodeClasses/UserSession.js:52:33)
    at new UserSession (/home/gonzales1609/IRENA/SLTview/NodeClasses/UserSession.js:13:14)
    at Object.<anonymous> (/home/gonzales1609/IRENA/SLTview/routes/index.js:50:20)
    at Module._compile (module.js:641:30)
    at Object.Module._extensions..js (module.js:652:10)
    at Module.load (module.js:560:32)
    at tryModuleLoad (module.js:503:12)
    at Function.Module._load (module.js:495:3)
    at Module.require (module.js:585:17)
02-05-2018 16:45 +00:00: SyntaxError: Unexpected end of JSON input
    at JSON.parse (<anonymous>)
    at UserSession.ReadFromFile (/home/gonzales1609/IRENA/SLTview/NodeClasses/UserSession.js:52:33)
    at new UserSession (/home/gonzales1609/IRENA/SLTview/NodeClasses/UserSession.js:13:14)
    at Object.<anonymous> (/home/gonzales1609/IRENA/SLTview/routes/index.js:50:20)
    at Module._compile (module.js:641:30)
    at Object.Module._extensions..js (module.js:652:10)
    at Module.load (module.js:560:32)
    at tryModuleLoad (module.js:503:12)
    at Function.Module._load (module.js:495:3)
    at Module.require (module.js:585:17)
02-05-2018 16:45 +00:00: SyntaxError: Unexpected end of JSON input
    at JSON.parse (<anonymous>)
    at UserSession.ReadFromFile (/home/gonzales1609/IRENA/SLTview/NodeClasses/UserSession.js:52:33)
    at new UserSession (/home/gonzales1609/IRENA/SLTview/NodeClasses/UserSession.js:13:14)
    at Object.<anonymous> (/home/gonzales1609/IRENA/SLTview/routes/index.js:50:20)
    at Module._compile (module.js:641:30)
    at Object.Module._extensions..js (module.js:652:10)
    at Module.load (module.js:560:32)
    at tryModuleLoad (module.js:503:12)
    at Function.Module._load (module.js:495:3)
    at Module.require (module.js:585:17)
02-05-2018 16:45 +00:00: SyntaxError: Unexpected end of JSON input
    at JSON.parse (<anonymous>)
    at UserSession.ReadFromFile (/home/gonzales1609/IRENA/SLTview/NodeClasses/UserSession.js:52:33)
    at new UserSession (/home/gonzales1609/IRENA/SLTview/NodeClasses/UserSession.js:13:14)
    at Object.<anonymous> (/home/gonzales1609/IRENA/SLTview/routes/index.js:50:20)
    at Module._compile (module.js:641:30)
    at Object.Module._extensions..js (module.js:652:10)
    at Module.load (module.js:560:32)
    at tryModuleLoad (module.js:503:12)
    at Function.Module._load (module.js:495:3)
    at Module.require (module.js:585:17)
02-05-2018 16:45 +00:00: SyntaxError: Unexpected end of JSON input
    at JSON.parse (<anonymous>)
    at UserSession.ReadFromFile (/home/gonzales1609/IRENA/SLTview/NodeClasses/UserSession.js:52:33)
    at new UserSession (/home/gonzales1609/IRENA/SLTview/NodeClasses/UserSession.js:13:14)
    at Object.<anonymous> (/home/gonzales1609/IRENA/SLTview/routes/index.js:50:20)
    at Module._compile (module.js:641:30)
    at Object.Module._extensions..js (module.js:652:10)
    at Module.load (module.js:560:32)
    at tryModuleLoad (module.js:503:12)
    at Function.Module._load (module.js:495:3)
    at Module.require (module.js:585:17)
02-05-2018 16:45 +00:00: SyntaxError: Unexpected end of JSON input
    at JSON.parse (<anonymous>)
    at UserSession.ReadFromFile (/home/gonzales1609/IRENA/SLTview/NodeClasses/UserSession.js:52:33)
    at new UserSession (/home/gonzales1609/IRENA/SLTview/NodeClasses/UserSession.js:13:14)
    at Object.<anonymous> (/home/gonzales1609/IRENA/SLTview/routes/index.js:50:20)
    at Module._compile (module.js:641:30)
    at Object.Module._extensions..js (module.js:652:10)
    at Module.load (module.js:560:32)
    at tryModuleLoad (module.js:503:12)
    at Function.Module._load (module.js:495:3)
    at Module.require (module.js:585:17)
02-05-2018 16:45 +00:00: SyntaxError: Unexpected end of JSON input
    at JSON.parse (<anonymous>)
    at UserSession.ReadFromFile (/home/gonzales1609/IRENA/SLTview/NodeClasses/UserSession.js:52:33)
    at new UserSession (/home/gonzales1609/IRENA/SLTview/NodeClasses/UserSession.js:13:14)
    at Object.<anonymous> (/home/gonzales1609/IRENA/SLTview/routes/index.js:50:20)
    at Module._compile (module.js:641:30)
    at Object.Module._extensions..js (module.js:652:10)
    at Module.load (module.js:560:32)
    at tryModuleLoad (module.js:503:12)
    at Function.Module._load (module.js:495:3)
    at Module.require (module.js:585:17)
02-05-2018 16:45 +00:00: SyntaxError: Unexpected end of JSON input
    at JSON.parse (<anonymous>)
    at UserSession.ReadFromFile (/home/gonzales1609/IRENA/SLTview/NodeClasses/UserSession.js:52:33)
    at new UserSession (/home/gonzales1609/IRENA/SLTview/NodeClasses/UserSession.js:13:14)
    at Object.<anonymous> (/home/gonzales1609/IRENA/SLTview/routes/index.js:50:20)
    at Module._compile (module.js:641:30)
    at Object.Module._extensions..js (module.js:652:10)
    at Module.load (module.js:560:32)
    at tryModuleLoad (module.js:503:12)
    at Function.Module._load (module.js:495:3)
    at Module.require (module.js:585:17)
02-05-2018 16:45 +00:00: SyntaxError: Unexpected end of JSON input
    at JSON.parse (<anonymous>)
    at UserSession.ReadFromFile (/home/gonzales1609/IRENA/SLTview/NodeClasses/UserSession.js:52:33)
    at new UserSession (/home/gonzales1609/IRENA/SLTview/NodeClasses/UserSession.js:13:14)
    at Object.<anonymous> (/home/gonzales1609/IRENA/SLTview/routes/index.js:50:20)
    at Module._compile (module.js:641:30)
    at Object.Module._extensions..js (module.js:652:10)
    at Module.load (module.js:560:32)
    at tryModuleLoad (module.js:503:12)
    at Function.Module._load (module.js:495:3)
    at Module.require (module.js:585:17)
02-05-2018 16:45 +00:00: SyntaxError: Unexpected end of JSON input
    at JSON.parse (<anonymous>)
    at UserSession.ReadFromFile (/home/gonzales1609/IRENA/SLTview/NodeClasses/UserSession.js:52:33)
    at new UserSession (/home/gonzales1609/IRENA/SLTview/NodeClasses/UserSession.js:13:14)
    at Object.<anonymous> (/home/gonzales1609/IRENA/SLTview/routes/index.js:50:20)
    at Module._compile (module.js:641:30)
    at Object.Module._extensions..js (module.js:652:10)
    at Module.load (module.js:560:32)
    at tryModuleLoad (module.js:503:12)
    at Function.Module._load (module.js:495:3)
    at Module.require (module.js:585:17)
02-05-2018 16:45 +00:00: SyntaxError: Unexpected end of JSON input
    at JSON.parse (<anonymous>)
    at UserSession.ReadFromFile (/home/gonzales1609/IRENA/SLTview/NodeClasses/UserSession.js:52:33)
    at new UserSession (/home/gonzales1609/IRENA/SLTview/NodeClasses/UserSession.js:13:14)
    at Object.<anonymous> (/home/gonzales1609/IRENA/SLTview/routes/index.js:50:20)
    at Module._compile (module.js:641:30)
    at Object.Module._extensions..js (module.js:652:10)
    at Module.load (module.js:560:32)
    at tryModuleLoad (module.js:503:12)
    at Function.Module._load (module.js:495:3)
    at Module.require (module.js:585:17)
02-05-2018 16:45 +00:00: SyntaxError: Unexpected end of JSON input
    at JSON.parse (<anonymous>)
    at UserSession.ReadFromFile (/home/gonzales1609/IRENA/SLTview/NodeClasses/UserSession.js:52:33)
    at new UserSession (/home/gonzales1609/IRENA/SLTview/NodeClasses/UserSession.js:13:14)
    at Object.<anonymous> (/home/gonzales1609/IRENA/SLTview/routes/index.js:50:20)
    at Module._compile (module.js:641:30)
    at Object.Module._extensions..js (module.js:652:10)
    at Module.load (module.js:560:32)
    at tryModuleLoad (module.js:503:12)
    at Function.Module._load (module.js:495:3)
    at Module.require (module.js:585:17)
